[2025-09-06T07:14:09.868+0000] {processor.py:157} INFO - Started process (PID=177) to work on /opt/airflow/dags/hello_world.py
[2025-09-06T07:14:09.870+0000] {processor.py:829} INFO - Processing file /opt/airflow/dags/hello_world.py for tasks to queue
[2025-09-06T07:14:09.871+0000] {logging_mixin.py:151} INFO - [2025-09-06T07:14:09.871+0000] {dagbag.py:539} INFO - Filling up the DagBag from /opt/airflow/dags/hello_world.py
[2025-09-06T07:14:09.899+0000] {processor.py:839} INFO - DAG(s) dict_keys(['hello_world']) retrieved from /opt/airflow/dags/hello_world.py
[2025-09-06T07:14:10.563+0000] {logging_mixin.py:151} INFO - [2025-09-06T07:14:10.562+0000] {manager.py:499} INFO - Created Permission View: %s
[2025-09-06T07:14:10.601+0000] {logging_mixin.py:151} INFO - [2025-09-06T07:14:10.600+0000] {manager.py:499} INFO - Created Permission View: %s
[2025-09-06T07:14:10.619+0000] {logging_mixin.py:151} INFO - [2025-09-06T07:14:10.618+0000] {manager.py:499} INFO - Created Permission View: %s
[2025-09-06T07:14:10.620+0000] {logging_mixin.py:151} INFO - [2025-09-06T07:14:10.619+0000] {security.py:708} INFO - Not syncing DAG-level permissions for DAG 'DAG:hello_world' as access control is unset.
[2025-09-06T07:14:10.621+0000] {logging_mixin.py:151} INFO - [2025-09-06T07:14:10.620+0000] {dag.py:2915} INFO - Sync 1 DAGs
[2025-09-06T07:14:10.653+0000] {logging_mixin.py:151} INFO - [2025-09-06T07:14:10.653+0000] {dag.py:2937} INFO - Creating ORM DAG for hello_world
[2025-09-06T07:14:10.675+0000] {logging_mixin.py:151} INFO - [2025-09-06T07:14:10.674+0000] {dag.py:3696} INFO - Setting next_dagrun for hello_world to 2025-09-06T00:00:00+00:00, run_after=2025-09-07T00:00:00+00:00
[2025-09-06T07:14:10.719+0000] {processor.py:179} INFO - Processing /opt/airflow/dags/hello_world.py took 0.857 seconds
[2025-09-06T07:14:41.026+0000] {processor.py:157} INFO - Started process (PID=182) to work on /opt/airflow/dags/hello_world.py
[2025-09-06T07:14:41.036+0000] {processor.py:829} INFO - Processing file /opt/airflow/dags/hello_world.py for tasks to queue
[2025-09-06T07:14:41.038+0000] {logging_mixin.py:151} INFO - [2025-09-06T07:14:41.038+0000] {dagbag.py:539} INFO - Filling up the DagBag from /opt/airflow/dags/hello_world.py
[2025-09-06T07:14:41.060+0000] {processor.py:839} INFO - DAG(s) dict_keys(['hello_world']) retrieved from /opt/airflow/dags/hello_world.py
[2025-09-06T07:14:41.419+0000] {logging_mixin.py:151} INFO - [2025-09-06T07:14:41.418+0000] {dag.py:2915} INFO - Sync 1 DAGs
[2025-09-06T07:14:41.472+0000] {logging_mixin.py:151} INFO - [2025-09-06T07:14:41.471+0000] {dag.py:3696} INFO - Setting next_dagrun for hello_world to 2025-09-06T00:00:00+00:00, run_after=2025-09-07T00:00:00+00:00
[2025-09-06T07:14:41.517+0000] {processor.py:179} INFO - Processing /opt/airflow/dags/hello_world.py took 0.498 seconds
[2025-09-06T07:15:11.802+0000] {processor.py:157} INFO - Started process (PID=187) to work on /opt/airflow/dags/hello_world.py
[2025-09-06T07:15:11.814+0000] {processor.py:829} INFO - Processing file /opt/airflow/dags/hello_world.py for tasks to queue
[2025-09-06T07:15:11.816+0000] {logging_mixin.py:151} INFO - [2025-09-06T07:15:11.816+0000] {dagbag.py:539} INFO - Filling up the DagBag from /opt/airflow/dags/hello_world.py
[2025-09-06T07:15:12.162+0000] {processor.py:839} INFO - DAG(s) dict_keys(['hello_world']) retrieved from /opt/airflow/dags/hello_world.py
[2025-09-06T07:15:12.254+0000] {logging_mixin.py:151} INFO - [2025-09-06T07:15:12.253+0000] {dag.py:2915} INFO - Sync 1 DAGs
[2025-09-06T07:15:12.338+0000] {logging_mixin.py:151} INFO - [2025-09-06T07:15:12.337+0000] {dag.py:3696} INFO - Setting next_dagrun for hello_world to 2025-09-06T00:00:00+00:00, run_after=2025-09-07T00:00:00+00:00
[2025-09-06T07:15:12.412+0000] {processor.py:179} INFO - Processing /opt/airflow/dags/hello_world.py took 0.618 seconds
[2025-09-06T07:15:42.622+0000] {processor.py:157} INFO - Started process (PID=192) to work on /opt/airflow/dags/hello_world.py
[2025-09-06T07:15:42.634+0000] {processor.py:829} INFO - Processing file /opt/airflow/dags/hello_world.py for tasks to queue
[2025-09-06T07:15:42.636+0000] {logging_mixin.py:151} INFO - [2025-09-06T07:15:42.635+0000] {dagbag.py:539} INFO - Filling up the DagBag from /opt/airflow/dags/hello_world.py
[2025-09-06T07:15:42.668+0000] {processor.py:839} INFO - DAG(s) dict_keys(['hello_world']) retrieved from /opt/airflow/dags/hello_world.py
[2025-09-06T07:15:42.792+0000] {logging_mixin.py:151} INFO - [2025-09-06T07:15:42.791+0000] {dag.py:2915} INFO - Sync 1 DAGs
[2025-09-06T07:15:42.879+0000] {logging_mixin.py:151} INFO - [2025-09-06T07:15:42.878+0000] {dag.py:3696} INFO - Setting next_dagrun for hello_world to 2025-09-06T00:00:00+00:00, run_after=2025-09-07T00:00:00+00:00
[2025-09-06T07:15:42.951+0000] {processor.py:179} INFO - Processing /opt/airflow/dags/hello_world.py took 0.338 seconds
[2025-09-06T07:16:13.250+0000] {processor.py:157} INFO - Started process (PID=197) to work on /opt/airflow/dags/hello_world.py
[2025-09-06T07:16:13.253+0000] {processor.py:829} INFO - Processing file /opt/airflow/dags/hello_world.py for tasks to queue
[2025-09-06T07:16:13.255+0000] {logging_mixin.py:151} INFO - [2025-09-06T07:16:13.255+0000] {dagbag.py:539} INFO - Filling up the DagBag from /opt/airflow/dags/hello_world.py
[2025-09-06T07:16:13.292+0000] {processor.py:839} INFO - DAG(s) dict_keys(['hello_world']) retrieved from /opt/airflow/dags/hello_world.py
[2025-09-06T07:16:13.391+0000] {logging_mixin.py:151} INFO - [2025-09-06T07:16:13.390+0000] {dag.py:2915} INFO - Sync 1 DAGs
[2025-09-06T07:16:13.478+0000] {logging_mixin.py:151} INFO - [2025-09-06T07:16:13.478+0000] {dag.py:3696} INFO - Setting next_dagrun for hello_world to 2025-09-06T00:00:00+00:00, run_after=2025-09-07T00:00:00+00:00
[2025-09-06T07:16:13.554+0000] {processor.py:179} INFO - Processing /opt/airflow/dags/hello_world.py took 0.315 seconds
[2025-09-06T07:16:43.872+0000] {processor.py:157} INFO - Started process (PID=202) to work on /opt/airflow/dags/hello_world.py
[2025-09-06T07:16:43.875+0000] {processor.py:829} INFO - Processing file /opt/airflow/dags/hello_world.py for tasks to queue
[2025-09-06T07:16:43.877+0000] {logging_mixin.py:151} INFO - [2025-09-06T07:16:43.877+0000] {dagbag.py:539} INFO - Filling up the DagBag from /opt/airflow/dags/hello_world.py
[2025-09-06T07:16:43.911+0000] {processor.py:839} INFO - DAG(s) dict_keys(['hello_world']) retrieved from /opt/airflow/dags/hello_world.py
[2025-09-06T07:16:44.003+0000] {logging_mixin.py:151} INFO - [2025-09-06T07:16:44.002+0000] {dag.py:2915} INFO - Sync 1 DAGs
[2025-09-06T07:16:44.085+0000] {logging_mixin.py:151} INFO - [2025-09-06T07:16:44.084+0000] {dag.py:3696} INFO - Setting next_dagrun for hello_world to 2025-09-06T00:00:00+00:00, run_after=2025-09-07T00:00:00+00:00
[2025-09-06T07:16:44.156+0000] {processor.py:179} INFO - Processing /opt/airflow/dags/hello_world.py took 0.296 seconds
[2025-09-06T07:17:14.463+0000] {processor.py:157} INFO - Started process (PID=207) to work on /opt/airflow/dags/hello_world.py
[2025-09-06T07:17:14.465+0000] {processor.py:829} INFO - Processing file /opt/airflow/dags/hello_world.py for tasks to queue
[2025-09-06T07:17:14.467+0000] {logging_mixin.py:151} INFO - [2025-09-06T07:17:14.466+0000] {dagbag.py:539} INFO - Filling up the DagBag from /opt/airflow/dags/hello_world.py
[2025-09-06T07:17:14.493+0000] {processor.py:839} INFO - DAG(s) dict_keys(['hello_world']) retrieved from /opt/airflow/dags/hello_world.py
[2025-09-06T07:17:14.558+0000] {logging_mixin.py:151} INFO - [2025-09-06T07:17:14.558+0000] {dag.py:2915} INFO - Sync 1 DAGs
[2025-09-06T07:17:14.610+0000] {logging_mixin.py:151} INFO - [2025-09-06T07:17:14.609+0000] {dag.py:3696} INFO - Setting next_dagrun for hello_world to 2025-09-06T00:00:00+00:00, run_after=2025-09-07T00:00:00+00:00
[2025-09-06T07:17:14.660+0000] {processor.py:179} INFO - Processing /opt/airflow/dags/hello_world.py took 0.206 seconds
[2025-09-06T07:17:44.963+0000] {processor.py:157} INFO - Started process (PID=212) to work on /opt/airflow/dags/hello_world.py
[2025-09-06T07:17:44.974+0000] {processor.py:829} INFO - Processing file /opt/airflow/dags/hello_world.py for tasks to queue
[2025-09-06T07:17:44.976+0000] {logging_mixin.py:151} INFO - [2025-09-06T07:17:44.976+0000] {dagbag.py:539} INFO - Filling up the DagBag from /opt/airflow/dags/hello_world.py
[2025-09-06T07:17:45.005+0000] {processor.py:839} INFO - DAG(s) dict_keys(['hello_world']) retrieved from /opt/airflow/dags/hello_world.py
[2025-09-06T07:17:45.074+0000] {logging_mixin.py:151} INFO - [2025-09-06T07:17:45.073+0000] {dag.py:2915} INFO - Sync 1 DAGs
[2025-09-06T07:17:45.141+0000] {logging_mixin.py:151} INFO - [2025-09-06T07:17:45.140+0000] {dag.py:3696} INFO - Setting next_dagrun for hello_world to 2025-09-06T00:00:00+00:00, run_after=2025-09-07T00:00:00+00:00
[2025-09-06T07:17:45.210+0000] {processor.py:179} INFO - Processing /opt/airflow/dags/hello_world.py took 0.257 seconds
[2025-09-06T07:18:15.503+0000] {processor.py:157} INFO - Started process (PID=217) to work on /opt/airflow/dags/hello_world.py
[2025-09-06T07:18:15.505+0000] {processor.py:829} INFO - Processing file /opt/airflow/dags/hello_world.py for tasks to queue
[2025-09-06T07:18:15.506+0000] {logging_mixin.py:151} INFO - [2025-09-06T07:18:15.506+0000] {dagbag.py:539} INFO - Filling up the DagBag from /opt/airflow/dags/hello_world.py
[2025-09-06T07:18:15.525+0000] {processor.py:839} INFO - DAG(s) dict_keys(['hello_world']) retrieved from /opt/airflow/dags/hello_world.py
[2025-09-06T07:18:15.579+0000] {logging_mixin.py:151} INFO - [2025-09-06T07:18:15.579+0000] {dag.py:2915} INFO - Sync 1 DAGs
[2025-09-06T07:18:15.625+0000] {logging_mixin.py:151} INFO - [2025-09-06T07:18:15.624+0000] {dag.py:3696} INFO - Setting next_dagrun for hello_world to 2025-09-06T00:00:00+00:00, run_after=2025-09-07T00:00:00+00:00
[2025-09-06T07:18:15.670+0000] {processor.py:179} INFO - Processing /opt/airflow/dags/hello_world.py took 0.173 seconds
[2025-09-06T07:18:45.787+0000] {processor.py:157} INFO - Started process (PID=222) to work on /opt/airflow/dags/hello_world.py
[2025-09-06T07:18:45.789+0000] {processor.py:829} INFO - Processing file /opt/airflow/dags/hello_world.py for tasks to queue
[2025-09-06T07:18:45.791+0000] {logging_mixin.py:151} INFO - [2025-09-06T07:18:45.790+0000] {dagbag.py:539} INFO - Filling up the DagBag from /opt/airflow/dags/hello_world.py
[2025-09-06T07:18:45.815+0000] {processor.py:839} INFO - DAG(s) dict_keys(['hello_world']) retrieved from /opt/airflow/dags/hello_world.py
[2025-09-06T07:18:45.901+0000] {logging_mixin.py:151} INFO - [2025-09-06T07:18:45.900+0000] {dag.py:2915} INFO - Sync 1 DAGs
[2025-09-06T07:18:45.981+0000] {logging_mixin.py:151} INFO - [2025-09-06T07:18:45.980+0000] {dag.py:3696} INFO - Setting next_dagrun for hello_world to 2025-09-06T00:00:00+00:00, run_after=2025-09-07T00:00:00+00:00
[2025-09-06T07:18:46.046+0000] {processor.py:179} INFO - Processing /opt/airflow/dags/hello_world.py took 0.268 seconds
[2025-09-06T07:19:16.245+0000] {processor.py:157} INFO - Started process (PID=227) to work on /opt/airflow/dags/hello_world.py
[2025-09-06T07:19:16.255+0000] {processor.py:829} INFO - Processing file /opt/airflow/dags/hello_world.py for tasks to queue
[2025-09-06T07:19:16.257+0000] {logging_mixin.py:151} INFO - [2025-09-06T07:19:16.257+0000] {dagbag.py:539} INFO - Filling up the DagBag from /opt/airflow/dags/hello_world.py
[2025-09-06T07:19:16.280+0000] {processor.py:839} INFO - DAG(s) dict_keys(['hello_world']) retrieved from /opt/airflow/dags/hello_world.py
[2025-09-06T07:19:16.341+0000] {logging_mixin.py:151} INFO - [2025-09-06T07:19:16.341+0000] {dag.py:2915} INFO - Sync 1 DAGs
[2025-09-06T07:19:16.389+0000] {logging_mixin.py:151} INFO - [2025-09-06T07:19:16.388+0000] {dag.py:3696} INFO - Setting next_dagrun for hello_world to 2025-09-06T00:00:00+00:00, run_after=2025-09-07T00:00:00+00:00
[2025-09-06T07:19:16.435+0000] {processor.py:179} INFO - Processing /opt/airflow/dags/hello_world.py took 0.199 seconds
[2025-09-06T07:19:46.576+0000] {processor.py:157} INFO - Started process (PID=232) to work on /opt/airflow/dags/hello_world.py
[2025-09-06T07:19:46.577+0000] {processor.py:829} INFO - Processing file /opt/airflow/dags/hello_world.py for tasks to queue
[2025-09-06T07:19:46.579+0000] {logging_mixin.py:151} INFO - [2025-09-06T07:19:46.578+0000] {dagbag.py:539} INFO - Filling up the DagBag from /opt/airflow/dags/hello_world.py
[2025-09-06T07:19:46.597+0000] {processor.py:839} INFO - DAG(s) dict_keys(['hello_world']) retrieved from /opt/airflow/dags/hello_world.py
[2025-09-06T07:19:46.648+0000] {logging_mixin.py:151} INFO - [2025-09-06T07:19:46.647+0000] {dag.py:2915} INFO - Sync 1 DAGs
[2025-09-06T07:19:46.696+0000] {logging_mixin.py:151} INFO - [2025-09-06T07:19:46.696+0000] {dag.py:3696} INFO - Setting next_dagrun for hello_world to 2025-09-06T00:00:00+00:00, run_after=2025-09-07T00:00:00+00:00
[2025-09-06T07:19:46.751+0000] {processor.py:179} INFO - Processing /opt/airflow/dags/hello_world.py took 0.181 seconds
[2025-09-06T07:20:16.964+0000] {processor.py:157} INFO - Started process (PID=237) to work on /opt/airflow/dags/hello_world.py
[2025-09-06T07:20:16.975+0000] {processor.py:829} INFO - Processing file /opt/airflow/dags/hello_world.py for tasks to queue
[2025-09-06T07:20:16.977+0000] {logging_mixin.py:151} INFO - [2025-09-06T07:20:16.976+0000] {dagbag.py:539} INFO - Filling up the DagBag from /opt/airflow/dags/hello_world.py
[2025-09-06T07:20:17.001+0000] {processor.py:839} INFO - DAG(s) dict_keys(['hello_world']) retrieved from /opt/airflow/dags/hello_world.py
[2025-09-06T07:20:17.074+0000] {logging_mixin.py:151} INFO - [2025-09-06T07:20:17.073+0000] {dag.py:2915} INFO - Sync 1 DAGs
[2025-09-06T07:20:17.142+0000] {logging_mixin.py:151} INFO - [2025-09-06T07:20:17.141+0000] {dag.py:3696} INFO - Setting next_dagrun for hello_world to 2025-09-06T00:00:00+00:00, run_after=2025-09-07T00:00:00+00:00
[2025-09-06T07:20:17.197+0000] {processor.py:179} INFO - Processing /opt/airflow/dags/hello_world.py took 0.244 seconds
[2025-09-06T07:20:47.266+0000] {processor.py:157} INFO - Started process (PID=242) to work on /opt/airflow/dags/hello_world.py
[2025-09-06T07:20:47.268+0000] {processor.py:829} INFO - Processing file /opt/airflow/dags/hello_world.py for tasks to queue
[2025-09-06T07:20:47.270+0000] {logging_mixin.py:151} INFO - [2025-09-06T07:20:47.270+0000] {dagbag.py:539} INFO - Filling up the DagBag from /opt/airflow/dags/hello_world.py
[2025-09-06T07:20:47.298+0000] {processor.py:839} INFO - DAG(s) dict_keys(['hello_world']) retrieved from /opt/airflow/dags/hello_world.py
[2025-09-06T07:20:47.366+0000] {logging_mixin.py:151} INFO - [2025-09-06T07:20:47.365+0000] {dag.py:2915} INFO - Sync 1 DAGs
[2025-09-06T07:20:47.418+0000] {logging_mixin.py:151} INFO - [2025-09-06T07:20:47.417+0000] {dag.py:3696} INFO - Setting next_dagrun for hello_world to 2025-09-06T00:00:00+00:00, run_after=2025-09-07T00:00:00+00:00
[2025-09-06T07:20:47.472+0000] {processor.py:179} INFO - Processing /opt/airflow/dags/hello_world.py took 0.215 seconds
[2025-09-06T07:21:17.732+0000] {processor.py:157} INFO - Started process (PID=247) to work on /opt/airflow/dags/hello_world.py
[2025-09-06T07:21:17.743+0000] {processor.py:829} INFO - Processing file /opt/airflow/dags/hello_world.py for tasks to queue
[2025-09-06T07:21:17.746+0000] {logging_mixin.py:151} INFO - [2025-09-06T07:21:17.745+0000] {dagbag.py:539} INFO - Filling up the DagBag from /opt/airflow/dags/hello_world.py
[2025-09-06T07:21:17.777+0000] {processor.py:839} INFO - DAG(s) dict_keys(['hello_world']) retrieved from /opt/airflow/dags/hello_world.py
[2025-09-06T07:21:17.846+0000] {logging_mixin.py:151} INFO - [2025-09-06T07:21:17.845+0000] {dag.py:2915} INFO - Sync 1 DAGs
[2025-09-06T07:21:17.898+0000] {logging_mixin.py:151} INFO - [2025-09-06T07:21:17.898+0000] {dag.py:3696} INFO - Setting next_dagrun for hello_world to 2025-09-06T00:00:00+00:00, run_after=2025-09-07T00:00:00+00:00
[2025-09-06T07:21:17.948+0000] {processor.py:179} INFO - Processing /opt/airflow/dags/hello_world.py took 0.227 seconds
[2025-09-06T07:21:48.009+0000] {processor.py:157} INFO - Started process (PID=252) to work on /opt/airflow/dags/hello_world.py
[2025-09-06T07:21:48.010+0000] {processor.py:829} INFO - Processing file /opt/airflow/dags/hello_world.py for tasks to queue
[2025-09-06T07:21:48.012+0000] {logging_mixin.py:151} INFO - [2025-09-06T07:21:48.011+0000] {dagbag.py:539} INFO - Filling up the DagBag from /opt/airflow/dags/hello_world.py
[2025-09-06T07:21:48.030+0000] {processor.py:839} INFO - DAG(s) dict_keys(['hello_world']) retrieved from /opt/airflow/dags/hello_world.py
[2025-09-06T07:21:48.083+0000] {logging_mixin.py:151} INFO - [2025-09-06T07:21:48.082+0000] {dag.py:2915} INFO - Sync 1 DAGs
[2025-09-06T07:21:48.134+0000] {logging_mixin.py:151} INFO - [2025-09-06T07:21:48.134+0000] {dag.py:3696} INFO - Setting next_dagrun for hello_world to 2025-09-06T00:00:00+00:00, run_after=2025-09-07T00:00:00+00:00
[2025-09-06T07:21:48.201+0000] {processor.py:179} INFO - Processing /opt/airflow/dags/hello_world.py took 0.201 seconds
[2025-09-06T07:22:18.489+0000] {processor.py:157} INFO - Started process (PID=257) to work on /opt/airflow/dags/hello_world.py
[2025-09-06T07:22:18.500+0000] {processor.py:829} INFO - Processing file /opt/airflow/dags/hello_world.py for tasks to queue
[2025-09-06T07:22:18.503+0000] {logging_mixin.py:151} INFO - [2025-09-06T07:22:18.502+0000] {dagbag.py:539} INFO - Filling up the DagBag from /opt/airflow/dags/hello_world.py
[2025-09-06T07:22:18.537+0000] {processor.py:839} INFO - DAG(s) dict_keys(['hello_world']) retrieved from /opt/airflow/dags/hello_world.py
[2025-09-06T07:22:18.631+0000] {logging_mixin.py:151} INFO - [2025-09-06T07:22:18.630+0000] {dag.py:2915} INFO - Sync 1 DAGs
[2025-09-06T07:22:18.721+0000] {logging_mixin.py:151} INFO - [2025-09-06T07:22:18.720+0000] {dag.py:3696} INFO - Setting next_dagrun for hello_world to 2025-09-06T00:00:00+00:00, run_after=2025-09-07T00:00:00+00:00
[2025-09-06T07:22:18.791+0000] {processor.py:179} INFO - Processing /opt/airflow/dags/hello_world.py took 0.314 seconds
[2025-09-06T07:22:49.093+0000] {processor.py:157} INFO - Started process (PID=262) to work on /opt/airflow/dags/hello_world.py
[2025-09-06T07:22:49.095+0000] {processor.py:829} INFO - Processing file /opt/airflow/dags/hello_world.py for tasks to queue
[2025-09-06T07:22:49.097+0000] {logging_mixin.py:151} INFO - [2025-09-06T07:22:49.096+0000] {dagbag.py:539} INFO - Filling up the DagBag from /opt/airflow/dags/hello_world.py
[2025-09-06T07:22:49.134+0000] {processor.py:839} INFO - DAG(s) dict_keys(['hello_world']) retrieved from /opt/airflow/dags/hello_world.py
[2025-09-06T07:22:49.234+0000] {logging_mixin.py:151} INFO - [2025-09-06T07:22:49.234+0000] {dag.py:2915} INFO - Sync 1 DAGs
[2025-09-06T07:22:49.318+0000] {logging_mixin.py:151} INFO - [2025-09-06T07:22:49.317+0000] {dag.py:3696} INFO - Setting next_dagrun for hello_world to 2025-09-06T00:00:00+00:00, run_after=2025-09-07T00:00:00+00:00
[2025-09-06T07:22:49.389+0000] {processor.py:179} INFO - Processing /opt/airflow/dags/hello_world.py took 0.307 seconds
[2025-09-06T07:23:19.630+0000] {processor.py:157} INFO - Started process (PID=267) to work on /opt/airflow/dags/hello_world.py
[2025-09-06T07:23:19.640+0000] {processor.py:829} INFO - Processing file /opt/airflow/dags/hello_world.py for tasks to queue
[2025-09-06T07:23:19.641+0000] {logging_mixin.py:151} INFO - [2025-09-06T07:23:19.641+0000] {dagbag.py:539} INFO - Filling up the DagBag from /opt/airflow/dags/hello_world.py
[2025-09-06T07:23:19.656+0000] {processor.py:839} INFO - DAG(s) dict_keys(['hello_world']) retrieved from /opt/airflow/dags/hello_world.py
[2025-09-06T07:23:19.707+0000] {logging_mixin.py:151} INFO - [2025-09-06T07:23:19.705+0000] {dag.py:2915} INFO - Sync 1 DAGs
[2025-09-06T07:23:19.753+0000] {logging_mixin.py:151} INFO - [2025-09-06T07:23:19.753+0000] {dag.py:3696} INFO - Setting next_dagrun for hello_world to 2025-09-06T00:00:00+00:00, run_after=2025-09-07T00:00:00+00:00
[2025-09-06T07:23:19.795+0000] {processor.py:179} INFO - Processing /opt/airflow/dags/hello_world.py took 0.171 seconds
[2025-09-06T07:23:49.987+0000] {processor.py:157} INFO - Started process (PID=272) to work on /opt/airflow/dags/hello_world.py
[2025-09-06T07:23:49.988+0000] {processor.py:829} INFO - Processing file /opt/airflow/dags/hello_world.py for tasks to queue
[2025-09-06T07:23:49.990+0000] {logging_mixin.py:151} INFO - [2025-09-06T07:23:49.989+0000] {dagbag.py:539} INFO - Filling up the DagBag from /opt/airflow/dags/hello_world.py
[2025-09-06T07:23:50.006+0000] {processor.py:839} INFO - DAG(s) dict_keys(['hello_world']) retrieved from /opt/airflow/dags/hello_world.py
[2025-09-06T07:23:50.047+0000] {logging_mixin.py:151} INFO - [2025-09-06T07:23:50.047+0000] {dag.py:2915} INFO - Sync 1 DAGs
[2025-09-06T07:23:50.080+0000] {logging_mixin.py:151} INFO - [2025-09-06T07:23:50.080+0000] {dag.py:3696} INFO - Setting next_dagrun for hello_world to 2025-09-06T00:00:00+00:00, run_after=2025-09-07T00:00:00+00:00
[2025-09-06T07:23:50.120+0000] {processor.py:179} INFO - Processing /opt/airflow/dags/hello_world.py took 0.138 seconds
[2025-09-06T07:24:20.179+0000] {processor.py:157} INFO - Started process (PID=277) to work on /opt/airflow/dags/hello_world.py
[2025-09-06T07:24:20.180+0000] {processor.py:829} INFO - Processing file /opt/airflow/dags/hello_world.py for tasks to queue
[2025-09-06T07:24:20.182+0000] {logging_mixin.py:151} INFO - [2025-09-06T07:24:20.181+0000] {dagbag.py:539} INFO - Filling up the DagBag from /opt/airflow/dags/hello_world.py
[2025-09-06T07:24:20.198+0000] {processor.py:839} INFO - DAG(s) dict_keys(['hello_world']) retrieved from /opt/airflow/dags/hello_world.py
[2025-09-06T07:24:20.239+0000] {logging_mixin.py:151} INFO - [2025-09-06T07:24:20.239+0000] {dag.py:2915} INFO - Sync 1 DAGs
[2025-09-06T07:24:20.273+0000] {logging_mixin.py:151} INFO - [2025-09-06T07:24:20.273+0000] {dag.py:3696} INFO - Setting next_dagrun for hello_world to 2025-09-06T00:00:00+00:00, run_after=2025-09-07T00:00:00+00:00
[2025-09-06T07:24:20.312+0000] {processor.py:179} INFO - Processing /opt/airflow/dags/hello_world.py took 0.138 seconds
[2025-09-06T07:24:50.362+0000] {processor.py:157} INFO - Started process (PID=282) to work on /opt/airflow/dags/hello_world.py
[2025-09-06T07:24:50.363+0000] {processor.py:829} INFO - Processing file /opt/airflow/dags/hello_world.py for tasks to queue
[2025-09-06T07:24:50.364+0000] {logging_mixin.py:151} INFO - [2025-09-06T07:24:50.363+0000] {dagbag.py:539} INFO - Filling up the DagBag from /opt/airflow/dags/hello_world.py
[2025-09-06T07:24:50.380+0000] {processor.py:839} INFO - DAG(s) dict_keys(['hello_world']) retrieved from /opt/airflow/dags/hello_world.py
[2025-09-06T07:24:50.421+0000] {logging_mixin.py:151} INFO - [2025-09-06T07:24:50.421+0000] {dag.py:2915} INFO - Sync 1 DAGs
[2025-09-06T07:24:50.456+0000] {logging_mixin.py:151} INFO - [2025-09-06T07:24:50.456+0000] {dag.py:3696} INFO - Setting next_dagrun for hello_world to 2025-09-06T00:00:00+00:00, run_after=2025-09-07T00:00:00+00:00
[2025-09-06T07:24:50.491+0000] {processor.py:179} INFO - Processing /opt/airflow/dags/hello_world.py took 0.135 seconds
[2025-09-06T07:25:20.683+0000] {processor.py:157} INFO - Started process (PID=287) to work on /opt/airflow/dags/hello_world.py
[2025-09-06T07:25:20.694+0000] {processor.py:829} INFO - Processing file /opt/airflow/dags/hello_world.py for tasks to queue
[2025-09-06T07:25:20.697+0000] {logging_mixin.py:151} INFO - [2025-09-06T07:25:20.695+0000] {dagbag.py:539} INFO - Filling up the DagBag from /opt/airflow/dags/hello_world.py
[2025-09-06T07:25:20.730+0000] {processor.py:839} INFO - DAG(s) dict_keys(['hello_world']) retrieved from /opt/airflow/dags/hello_world.py
[2025-09-06T07:25:20.778+0000] {logging_mixin.py:151} INFO - [2025-09-06T07:25:20.778+0000] {dag.py:2915} INFO - Sync 1 DAGs
[2025-09-06T07:25:20.813+0000] {logging_mixin.py:151} INFO - [2025-09-06T07:25:20.813+0000] {dag.py:3696} INFO - Setting next_dagrun for hello_world to 2025-09-06T00:00:00+00:00, run_after=2025-09-07T00:00:00+00:00
[2025-09-06T07:25:20.840+0000] {processor.py:179} INFO - Processing /opt/airflow/dags/hello_world.py took 0.161 seconds
[2025-09-06T07:25:50.899+0000] {processor.py:157} INFO - Started process (PID=292) to work on /opt/airflow/dags/hello_world.py
[2025-09-06T07:25:50.900+0000] {processor.py:829} INFO - Processing file /opt/airflow/dags/hello_world.py for tasks to queue
[2025-09-06T07:25:50.901+0000] {logging_mixin.py:151} INFO - [2025-09-06T07:25:50.901+0000] {dagbag.py:539} INFO - Filling up the DagBag from /opt/airflow/dags/hello_world.py
[2025-09-06T07:25:50.918+0000] {processor.py:839} INFO - DAG(s) dict_keys(['hello_world']) retrieved from /opt/airflow/dags/hello_world.py
[2025-09-06T07:25:50.961+0000] {logging_mixin.py:151} INFO - [2025-09-06T07:25:50.961+0000] {dag.py:2915} INFO - Sync 1 DAGs
[2025-09-06T07:25:50.996+0000] {logging_mixin.py:151} INFO - [2025-09-06T07:25:50.996+0000] {dag.py:3696} INFO - Setting next_dagrun for hello_world to 2025-09-06T00:00:00+00:00, run_after=2025-09-07T00:00:00+00:00
[2025-09-06T07:25:51.032+0000] {processor.py:179} INFO - Processing /opt/airflow/dags/hello_world.py took 0.139 seconds
[2025-09-06T07:26:21.236+0000] {processor.py:157} INFO - Started process (PID=297) to work on /opt/airflow/dags/hello_world.py
[2025-09-06T07:26:21.246+0000] {processor.py:829} INFO - Processing file /opt/airflow/dags/hello_world.py for tasks to queue
[2025-09-06T07:26:21.248+0000] {logging_mixin.py:151} INFO - [2025-09-06T07:26:21.247+0000] {dagbag.py:539} INFO - Filling up the DagBag from /opt/airflow/dags/hello_world.py
[2025-09-06T07:26:21.263+0000] {processor.py:839} INFO - DAG(s) dict_keys(['hello_world']) retrieved from /opt/airflow/dags/hello_world.py
[2025-09-06T07:26:21.304+0000] {logging_mixin.py:151} INFO - [2025-09-06T07:26:21.304+0000] {dag.py:2915} INFO - Sync 1 DAGs
[2025-09-06T07:26:21.338+0000] {logging_mixin.py:151} INFO - [2025-09-06T07:26:21.338+0000] {dag.py:3696} INFO - Setting next_dagrun for hello_world to 2025-09-06T00:00:00+00:00, run_after=2025-09-07T00:00:00+00:00
[2025-09-06T07:26:21.365+0000] {processor.py:179} INFO - Processing /opt/airflow/dags/hello_world.py took 0.134 seconds
[2025-09-06T07:26:51.432+0000] {processor.py:157} INFO - Started process (PID=302) to work on /opt/airflow/dags/hello_world.py
[2025-09-06T07:26:51.433+0000] {processor.py:829} INFO - Processing file /opt/airflow/dags/hello_world.py for tasks to queue
[2025-09-06T07:26:51.434+0000] {logging_mixin.py:151} INFO - [2025-09-06T07:26:51.434+0000] {dagbag.py:539} INFO - Filling up the DagBag from /opt/airflow/dags/hello_world.py
[2025-09-06T07:26:51.451+0000] {processor.py:839} INFO - DAG(s) dict_keys(['hello_world']) retrieved from /opt/airflow/dags/hello_world.py
[2025-09-06T07:26:51.491+0000] {logging_mixin.py:151} INFO - [2025-09-06T07:26:51.491+0000] {dag.py:2915} INFO - Sync 1 DAGs
[2025-09-06T07:26:51.525+0000] {logging_mixin.py:151} INFO - [2025-09-06T07:26:51.524+0000] {dag.py:3696} INFO - Setting next_dagrun for hello_world to 2025-09-06T00:00:00+00:00, run_after=2025-09-07T00:00:00+00:00
[2025-09-06T07:26:51.550+0000] {processor.py:179} INFO - Processing /opt/airflow/dags/hello_world.py took 0.124 seconds
[2025-09-06T07:27:21.756+0000] {processor.py:157} INFO - Started process (PID=307) to work on /opt/airflow/dags/hello_world.py
[2025-09-06T07:27:21.767+0000] {processor.py:829} INFO - Processing file /opt/airflow/dags/hello_world.py for tasks to queue
[2025-09-06T07:27:21.769+0000] {logging_mixin.py:151} INFO - [2025-09-06T07:27:21.768+0000] {dagbag.py:539} INFO - Filling up the DagBag from /opt/airflow/dags/hello_world.py
[2025-09-06T07:27:21.791+0000] {processor.py:839} INFO - DAG(s) dict_keys(['hello_world']) retrieved from /opt/airflow/dags/hello_world.py
[2025-09-06T07:27:21.834+0000] {logging_mixin.py:151} INFO - [2025-09-06T07:27:21.833+0000] {dag.py:2915} INFO - Sync 1 DAGs
[2025-09-06T07:27:21.870+0000] {logging_mixin.py:151} INFO - [2025-09-06T07:27:21.870+0000] {dag.py:3696} INFO - Setting next_dagrun for hello_world to 2025-09-06T00:00:00+00:00, run_after=2025-09-07T00:00:00+00:00
[2025-09-06T07:27:21.906+0000] {processor.py:179} INFO - Processing /opt/airflow/dags/hello_world.py took 0.158 seconds
[2025-09-06T07:27:51.950+0000] {processor.py:157} INFO - Started process (PID=312) to work on /opt/airflow/dags/hello_world.py
[2025-09-06T07:27:51.951+0000] {processor.py:829} INFO - Processing file /opt/airflow/dags/hello_world.py for tasks to queue
[2025-09-06T07:27:51.952+0000] {logging_mixin.py:151} INFO - [2025-09-06T07:27:51.952+0000] {dagbag.py:539} INFO - Filling up the DagBag from /opt/airflow/dags/hello_world.py
[2025-09-06T07:27:51.970+0000] {processor.py:839} INFO - DAG(s) dict_keys(['hello_world']) retrieved from /opt/airflow/dags/hello_world.py
[2025-09-06T07:27:52.041+0000] {logging_mixin.py:151} INFO - [2025-09-06T07:27:52.040+0000] {dag.py:2915} INFO - Sync 1 DAGs
[2025-09-06T07:27:52.097+0000] {logging_mixin.py:151} INFO - [2025-09-06T07:27:52.097+0000] {dag.py:3696} INFO - Setting next_dagrun for hello_world to 2025-09-06T00:00:00+00:00, run_after=2025-09-07T00:00:00+00:00
[2025-09-06T07:27:52.134+0000] {processor.py:179} INFO - Processing /opt/airflow/dags/hello_world.py took 0.190 seconds
[2025-09-06T07:57:35.359+0000] {processor.py:157} INFO - Started process (PID=317) to work on /opt/airflow/dags/hello_world.py
[2025-09-06T07:57:35.362+0000] {processor.py:829} INFO - Processing file /opt/airflow/dags/hello_world.py for tasks to queue
[2025-09-06T07:57:35.367+0000] {logging_mixin.py:151} INFO - [2025-09-06T07:57:35.366+0000] {dagbag.py:539} INFO - Filling up the DagBag from /opt/airflow/dags/hello_world.py
[2025-09-06T07:57:35.401+0000] {processor.py:839} INFO - DAG(s) dict_keys(['hello_world']) retrieved from /opt/airflow/dags/hello_world.py
[2025-09-06T07:57:35.550+0000] {logging_mixin.py:151} INFO - [2025-09-06T07:57:35.550+0000] {dag.py:2915} INFO - Sync 1 DAGs
[2025-09-06T07:57:35.602+0000] {logging_mixin.py:151} INFO - [2025-09-06T07:57:35.602+0000] {dag.py:3696} INFO - Setting next_dagrun for hello_world to 2025-09-06T00:00:00+00:00, run_after=2025-09-07T00:00:00+00:00
[2025-09-06T07:57:35.629+0000] {processor.py:179} INFO - Processing /opt/airflow/dags/hello_world.py took 0.280 seconds
[2025-09-06T07:58:05.929+0000] {processor.py:157} INFO - Started process (PID=324) to work on /opt/airflow/dags/hello_world.py
[2025-09-06T07:58:05.931+0000] {processor.py:829} INFO - Processing file /opt/airflow/dags/hello_world.py for tasks to queue
[2025-09-06T07:58:05.934+0000] {logging_mixin.py:151} INFO - [2025-09-06T07:58:05.933+0000] {dagbag.py:539} INFO - Filling up the DagBag from /opt/airflow/dags/hello_world.py
[2025-09-06T07:58:05.977+0000] {processor.py:839} INFO - DAG(s) dict_keys(['hello_world']) retrieved from /opt/airflow/dags/hello_world.py
[2025-09-06T07:58:06.078+0000] {logging_mixin.py:151} INFO - [2025-09-06T07:58:06.077+0000] {dag.py:2915} INFO - Sync 1 DAGs
[2025-09-06T07:58:06.185+0000] {logging_mixin.py:151} INFO - [2025-09-06T07:58:06.184+0000] {dag.py:3696} INFO - Setting next_dagrun for hello_world to 2025-09-06T00:00:00+00:00, run_after=2025-09-07T00:00:00+00:00
[2025-09-06T07:58:06.273+0000] {processor.py:179} INFO - Processing /opt/airflow/dags/hello_world.py took 0.357 seconds
[2025-09-06T07:58:36.634+0000] {processor.py:157} INFO - Started process (PID=329) to work on /opt/airflow/dags/hello_world.py
[2025-09-06T07:58:36.637+0000] {processor.py:829} INFO - Processing file /opt/airflow/dags/hello_world.py for tasks to queue
[2025-09-06T07:58:36.640+0000] {logging_mixin.py:151} INFO - [2025-09-06T07:58:36.639+0000] {dagbag.py:539} INFO - Filling up the DagBag from /opt/airflow/dags/hello_world.py
[2025-09-06T07:58:36.675+0000] {processor.py:839} INFO - DAG(s) dict_keys(['hello_world']) retrieved from /opt/airflow/dags/hello_world.py
[2025-09-06T07:58:36.777+0000] {logging_mixin.py:151} INFO - [2025-09-06T07:58:36.777+0000] {dag.py:2915} INFO - Sync 1 DAGs
[2025-09-06T07:58:36.877+0000] {logging_mixin.py:151} INFO - [2025-09-06T07:58:36.876+0000] {dag.py:3696} INFO - Setting next_dagrun for hello_world to 2025-09-06T00:00:00+00:00, run_after=2025-09-07T00:00:00+00:00
[2025-09-06T07:58:37.000+0000] {processor.py:179} INFO - Processing /opt/airflow/dags/hello_world.py took 0.377 seconds
[2025-09-06T07:59:07.344+0000] {processor.py:157} INFO - Started process (PID=334) to work on /opt/airflow/dags/hello_world.py
[2025-09-06T07:59:07.347+0000] {processor.py:829} INFO - Processing file /opt/airflow/dags/hello_world.py for tasks to queue
[2025-09-06T07:59:07.350+0000] {logging_mixin.py:151} INFO - [2025-09-06T07:59:07.348+0000] {dagbag.py:539} INFO - Filling up the DagBag from /opt/airflow/dags/hello_world.py
[2025-09-06T07:59:07.382+0000] {processor.py:839} INFO - DAG(s) dict_keys(['hello_world']) retrieved from /opt/airflow/dags/hello_world.py
[2025-09-06T07:59:07.460+0000] {logging_mixin.py:151} INFO - [2025-09-06T07:59:07.459+0000] {dag.py:2915} INFO - Sync 1 DAGs
[2025-09-06T07:59:07.521+0000] {logging_mixin.py:151} INFO - [2025-09-06T07:59:07.521+0000] {dag.py:3696} INFO - Setting next_dagrun for hello_world to 2025-09-06T00:00:00+00:00, run_after=2025-09-07T00:00:00+00:00
[2025-09-06T07:59:07.566+0000] {processor.py:179} INFO - Processing /opt/airflow/dags/hello_world.py took 0.232 seconds
[2025-09-06T07:59:37.882+0000] {processor.py:157} INFO - Started process (PID=339) to work on /opt/airflow/dags/hello_world.py
[2025-09-06T07:59:37.884+0000] {processor.py:829} INFO - Processing file /opt/airflow/dags/hello_world.py for tasks to queue
[2025-09-06T07:59:37.889+0000] {logging_mixin.py:151} INFO - [2025-09-06T07:59:37.888+0000] {dagbag.py:539} INFO - Filling up the DagBag from /opt/airflow/dags/hello_world.py
[2025-09-06T07:59:37.922+0000] {processor.py:839} INFO - DAG(s) dict_keys(['hello_world']) retrieved from /opt/airflow/dags/hello_world.py
[2025-09-06T07:59:38.038+0000] {logging_mixin.py:151} INFO - [2025-09-06T07:59:38.036+0000] {dag.py:2915} INFO - Sync 1 DAGs
[2025-09-06T07:59:38.147+0000] {logging_mixin.py:151} INFO - [2025-09-06T07:59:38.147+0000] {dag.py:3696} INFO - Setting next_dagrun for hello_world to 2025-09-06T00:00:00+00:00, run_after=2025-09-07T00:00:00+00:00
[2025-09-06T07:59:38.230+0000] {processor.py:179} INFO - Processing /opt/airflow/dags/hello_world.py took 0.356 seconds
[2025-09-06T08:00:08.556+0000] {processor.py:157} INFO - Started process (PID=344) to work on /opt/airflow/dags/hello_world.py
[2025-09-06T08:00:08.558+0000] {processor.py:829} INFO - Processing file /opt/airflow/dags/hello_world.py for tasks to queue
[2025-09-06T08:00:08.561+0000] {logging_mixin.py:151} INFO - [2025-09-06T08:00:08.560+0000] {dagbag.py:539} INFO - Filling up the DagBag from /opt/airflow/dags/hello_world.py
[2025-09-06T08:00:08.591+0000] {processor.py:839} INFO - DAG(s) dict_keys(['hello_world']) retrieved from /opt/airflow/dags/hello_world.py
[2025-09-06T08:00:08.672+0000] {logging_mixin.py:151} INFO - [2025-09-06T08:00:08.671+0000] {dag.py:2915} INFO - Sync 1 DAGs
[2025-09-06T08:00:08.766+0000] {logging_mixin.py:151} INFO - [2025-09-06T08:00:08.765+0000] {dag.py:3696} INFO - Setting next_dagrun for hello_world to 2025-09-06T00:00:00+00:00, run_after=2025-09-07T00:00:00+00:00
[2025-09-06T08:00:08.861+0000] {processor.py:179} INFO - Processing /opt/airflow/dags/hello_world.py took 0.315 seconds
[2025-09-06T08:00:39.194+0000] {processor.py:157} INFO - Started process (PID=351) to work on /opt/airflow/dags/hello_world.py
[2025-09-06T08:00:39.205+0000] {processor.py:829} INFO - Processing file /opt/airflow/dags/hello_world.py for tasks to queue
[2025-09-06T08:00:39.208+0000] {logging_mixin.py:151} INFO - [2025-09-06T08:00:39.207+0000] {dagbag.py:539} INFO - Filling up the DagBag from /opt/airflow/dags/hello_world.py
[2025-09-06T08:00:39.234+0000] {processor.py:839} INFO - DAG(s) dict_keys(['hello_world']) retrieved from /opt/airflow/dags/hello_world.py
[2025-09-06T08:00:39.305+0000] {logging_mixin.py:151} INFO - [2025-09-06T08:00:39.304+0000] {dag.py:2915} INFO - Sync 1 DAGs
[2025-09-06T08:00:39.363+0000] {logging_mixin.py:151} INFO - [2025-09-06T08:00:39.363+0000] {dag.py:3696} INFO - Setting next_dagrun for hello_world to 2025-09-06T00:00:00+00:00, run_after=2025-09-07T00:00:00+00:00
[2025-09-06T08:00:39.420+0000] {processor.py:179} INFO - Processing /opt/airflow/dags/hello_world.py took 0.234 seconds
[2025-09-06T08:01:09.747+0000] {processor.py:157} INFO - Started process (PID=356) to work on /opt/airflow/dags/hello_world.py
[2025-09-06T08:01:09.749+0000] {processor.py:829} INFO - Processing file /opt/airflow/dags/hello_world.py for tasks to queue
[2025-09-06T08:01:09.752+0000] {logging_mixin.py:151} INFO - [2025-09-06T08:01:09.751+0000] {dagbag.py:539} INFO - Filling up the DagBag from /opt/airflow/dags/hello_world.py
[2025-09-06T08:01:09.782+0000] {processor.py:839} INFO - DAG(s) dict_keys(['hello_world']) retrieved from /opt/airflow/dags/hello_world.py
[2025-09-06T08:01:09.855+0000] {logging_mixin.py:151} INFO - [2025-09-06T08:01:09.855+0000] {dag.py:2915} INFO - Sync 1 DAGs
[2025-09-06T08:01:09.918+0000] {logging_mixin.py:151} INFO - [2025-09-06T08:01:09.917+0000] {dag.py:3696} INFO - Setting next_dagrun for hello_world to 2025-09-06T00:00:00+00:00, run_after=2025-09-07T00:00:00+00:00
[2025-09-06T08:01:09.980+0000] {processor.py:179} INFO - Processing /opt/airflow/dags/hello_world.py took 0.243 seconds
[2025-09-06T08:01:40.292+0000] {processor.py:157} INFO - Started process (PID=361) to work on /opt/airflow/dags/hello_world.py
[2025-09-06T08:01:40.304+0000] {processor.py:829} INFO - Processing file /opt/airflow/dags/hello_world.py for tasks to queue
[2025-09-06T08:01:40.306+0000] {logging_mixin.py:151} INFO - [2025-09-06T08:01:40.305+0000] {dagbag.py:539} INFO - Filling up the DagBag from /opt/airflow/dags/hello_world.py
[2025-09-06T08:01:40.337+0000] {processor.py:839} INFO - DAG(s) dict_keys(['hello_world']) retrieved from /opt/airflow/dags/hello_world.py
[2025-09-06T08:01:40.417+0000] {logging_mixin.py:151} INFO - [2025-09-06T08:01:40.416+0000] {dag.py:2915} INFO - Sync 1 DAGs
[2025-09-06T08:01:40.484+0000] {logging_mixin.py:151} INFO - [2025-09-06T08:01:40.484+0000] {dag.py:3696} INFO - Setting next_dagrun for hello_world to 2025-09-06T00:00:00+00:00, run_after=2025-09-07T00:00:00+00:00
[2025-09-06T08:01:40.537+0000] {processor.py:179} INFO - Processing /opt/airflow/dags/hello_world.py took 0.254 seconds
[2025-09-06T08:02:10.854+0000] {processor.py:157} INFO - Started process (PID=366) to work on /opt/airflow/dags/hello_world.py
[2025-09-06T08:02:10.856+0000] {processor.py:829} INFO - Processing file /opt/airflow/dags/hello_world.py for tasks to queue
[2025-09-06T08:02:10.858+0000] {logging_mixin.py:151} INFO - [2025-09-06T08:02:10.857+0000] {dagbag.py:539} INFO - Filling up the DagBag from /opt/airflow/dags/hello_world.py
[2025-09-06T08:02:10.889+0000] {processor.py:839} INFO - DAG(s) dict_keys(['hello_world']) retrieved from /opt/airflow/dags/hello_world.py
[2025-09-06T08:02:10.973+0000] {logging_mixin.py:151} INFO - [2025-09-06T08:02:10.972+0000] {dag.py:2915} INFO - Sync 1 DAGs
[2025-09-06T08:02:11.038+0000] {logging_mixin.py:151} INFO - [2025-09-06T08:02:11.038+0000] {dag.py:3696} INFO - Setting next_dagrun for hello_world to 2025-09-06T00:00:00+00:00, run_after=2025-09-07T00:00:00+00:00
[2025-09-06T08:02:11.101+0000] {processor.py:179} INFO - Processing /opt/airflow/dags/hello_world.py took 0.256 seconds
[2025-09-06T08:02:41.468+0000] {processor.py:157} INFO - Started process (PID=371) to work on /opt/airflow/dags/hello_world.py
[2025-09-06T08:02:41.480+0000] {processor.py:829} INFO - Processing file /opt/airflow/dags/hello_world.py for tasks to queue
[2025-09-06T08:02:41.482+0000] {logging_mixin.py:151} INFO - [2025-09-06T08:02:41.481+0000] {dagbag.py:539} INFO - Filling up the DagBag from /opt/airflow/dags/hello_world.py
[2025-09-06T08:02:41.510+0000] {processor.py:839} INFO - DAG(s) dict_keys(['hello_world']) retrieved from /opt/airflow/dags/hello_world.py
[2025-09-06T08:02:41.589+0000] {logging_mixin.py:151} INFO - [2025-09-06T08:02:41.588+0000] {dag.py:2915} INFO - Sync 1 DAGs
[2025-09-06T08:02:41.653+0000] {logging_mixin.py:151} INFO - [2025-09-06T08:02:41.653+0000] {dag.py:3696} INFO - Setting next_dagrun for hello_world to 2025-09-06T00:00:00+00:00, run_after=2025-09-07T00:00:00+00:00
[2025-09-06T08:02:41.702+0000] {processor.py:179} INFO - Processing /opt/airflow/dags/hello_world.py took 0.246 seconds
[2025-09-06T08:03:12.036+0000] {processor.py:157} INFO - Started process (PID=376) to work on /opt/airflow/dags/hello_world.py
[2025-09-06T08:03:12.038+0000] {processor.py:829} INFO - Processing file /opt/airflow/dags/hello_world.py for tasks to queue
[2025-09-06T08:03:12.040+0000] {logging_mixin.py:151} INFO - [2025-09-06T08:03:12.039+0000] {dagbag.py:539} INFO - Filling up the DagBag from /opt/airflow/dags/hello_world.py
[2025-09-06T08:03:12.072+0000] {processor.py:839} INFO - DAG(s) dict_keys(['hello_world']) retrieved from /opt/airflow/dags/hello_world.py
[2025-09-06T08:03:12.165+0000] {logging_mixin.py:151} INFO - [2025-09-06T08:03:12.164+0000] {dag.py:2915} INFO - Sync 1 DAGs
[2025-09-06T08:03:12.241+0000] {logging_mixin.py:151} INFO - [2025-09-06T08:03:12.240+0000] {dag.py:3696} INFO - Setting next_dagrun for hello_world to 2025-09-06T00:00:00+00:00, run_after=2025-09-07T00:00:00+00:00
[2025-09-06T08:03:12.314+0000] {processor.py:179} INFO - Processing /opt/airflow/dags/hello_world.py took 0.287 seconds
[2025-09-06T08:03:42.649+0000] {processor.py:157} INFO - Started process (PID=381) to work on /opt/airflow/dags/hello_world.py
[2025-09-06T08:03:42.651+0000] {processor.py:829} INFO - Processing file /opt/airflow/dags/hello_world.py for tasks to queue
[2025-09-06T08:03:42.654+0000] {logging_mixin.py:151} INFO - [2025-09-06T08:03:42.653+0000] {dagbag.py:539} INFO - Filling up the DagBag from /opt/airflow/dags/hello_world.py
[2025-09-06T08:03:42.698+0000] {processor.py:839} INFO - DAG(s) dict_keys(['hello_world']) retrieved from /opt/airflow/dags/hello_world.py
[2025-09-06T08:03:42.825+0000] {logging_mixin.py:151} INFO - [2025-09-06T08:03:42.824+0000] {dag.py:2915} INFO - Sync 1 DAGs
[2025-09-06T08:03:42.912+0000] {logging_mixin.py:151} INFO - [2025-09-06T08:03:42.911+0000] {dag.py:3696} INFO - Setting next_dagrun for hello_world to 2025-09-06T00:00:00+00:00, run_after=2025-09-07T00:00:00+00:00
[2025-09-06T08:03:42.981+0000] {processor.py:179} INFO - Processing /opt/airflow/dags/hello_world.py took 0.346 seconds
[2025-09-06T08:04:13.303+0000] {processor.py:157} INFO - Started process (PID=386) to work on /opt/airflow/dags/hello_world.py
[2025-09-06T08:04:13.314+0000] {processor.py:829} INFO - Processing file /opt/airflow/dags/hello_world.py for tasks to queue
[2025-09-06T08:04:13.317+0000] {logging_mixin.py:151} INFO - [2025-09-06T08:04:13.316+0000] {dagbag.py:539} INFO - Filling up the DagBag from /opt/airflow/dags/hello_world.py
[2025-09-06T08:04:13.351+0000] {processor.py:839} INFO - DAG(s) dict_keys(['hello_world']) retrieved from /opt/airflow/dags/hello_world.py
[2025-09-06T08:04:13.451+0000] {logging_mixin.py:151} INFO - [2025-09-06T08:04:13.450+0000] {dag.py:2915} INFO - Sync 1 DAGs
[2025-09-06T08:04:13.526+0000] {logging_mixin.py:151} INFO - [2025-09-06T08:04:13.525+0000] {dag.py:3696} INFO - Setting next_dagrun for hello_world to 2025-09-06T00:00:00+00:00, run_after=2025-09-07T00:00:00+00:00
[2025-09-06T08:04:13.572+0000] {processor.py:179} INFO - Processing /opt/airflow/dags/hello_world.py took 0.279 seconds
[2025-09-06T08:04:43.924+0000] {processor.py:157} INFO - Started process (PID=391) to work on /opt/airflow/dags/hello_world.py
[2025-09-06T08:04:43.926+0000] {processor.py:829} INFO - Processing file /opt/airflow/dags/hello_world.py for tasks to queue
[2025-09-06T08:04:43.929+0000] {logging_mixin.py:151} INFO - [2025-09-06T08:04:43.928+0000] {dagbag.py:539} INFO - Filling up the DagBag from /opt/airflow/dags/hello_world.py
[2025-09-06T08:04:43.969+0000] {processor.py:839} INFO - DAG(s) dict_keys(['hello_world']) retrieved from /opt/airflow/dags/hello_world.py
[2025-09-06T08:04:44.097+0000] {logging_mixin.py:151} INFO - [2025-09-06T08:04:44.096+0000] {dag.py:2915} INFO - Sync 1 DAGs
[2025-09-06T08:04:44.269+0000] {logging_mixin.py:151} INFO - [2025-09-06T08:04:44.268+0000] {dag.py:3696} INFO - Setting next_dagrun for hello_world to 2025-09-06T00:00:00+00:00, run_after=2025-09-07T00:00:00+00:00
[2025-09-06T08:04:44.375+0000] {processor.py:179} INFO - Processing /opt/airflow/dags/hello_world.py took 0.461 seconds
[2025-09-06T08:05:14.775+0000] {processor.py:157} INFO - Started process (PID=396) to work on /opt/airflow/dags/hello_world.py
[2025-09-06T08:05:14.786+0000] {processor.py:829} INFO - Processing file /opt/airflow/dags/hello_world.py for tasks to queue
[2025-09-06T08:05:14.789+0000] {logging_mixin.py:151} INFO - [2025-09-06T08:05:14.788+0000] {dagbag.py:539} INFO - Filling up the DagBag from /opt/airflow/dags/hello_world.py
[2025-09-06T08:05:14.821+0000] {processor.py:839} INFO - DAG(s) dict_keys(['hello_world']) retrieved from /opt/airflow/dags/hello_world.py
[2025-09-06T08:05:14.923+0000] {logging_mixin.py:151} INFO - [2025-09-06T08:05:14.922+0000] {dag.py:2915} INFO - Sync 1 DAGs
[2025-09-06T08:05:15.033+0000] {logging_mixin.py:151} INFO - [2025-09-06T08:05:15.032+0000] {dag.py:3696} INFO - Setting next_dagrun for hello_world to 2025-09-06T00:00:00+00:00, run_after=2025-09-07T00:00:00+00:00
[2025-09-06T08:05:15.114+0000] {processor.py:179} INFO - Processing /opt/airflow/dags/hello_world.py took 0.350 seconds
[2025-09-06T08:05:45.457+0000] {processor.py:157} INFO - Started process (PID=401) to work on /opt/airflow/dags/hello_world.py
[2025-09-06T08:05:45.459+0000] {processor.py:829} INFO - Processing file /opt/airflow/dags/hello_world.py for tasks to queue
[2025-09-06T08:05:45.461+0000] {logging_mixin.py:151} INFO - [2025-09-06T08:05:45.460+0000] {dagbag.py:539} INFO - Filling up the DagBag from /opt/airflow/dags/hello_world.py
[2025-09-06T08:05:45.492+0000] {processor.py:839} INFO - DAG(s) dict_keys(['hello_world']) retrieved from /opt/airflow/dags/hello_world.py
[2025-09-06T08:05:45.566+0000] {logging_mixin.py:151} INFO - [2025-09-06T08:05:45.566+0000] {dag.py:2915} INFO - Sync 1 DAGs
[2025-09-06T08:05:45.626+0000] {logging_mixin.py:151} INFO - [2025-09-06T08:05:45.625+0000] {dag.py:3696} INFO - Setting next_dagrun for hello_world to 2025-09-06T00:00:00+00:00, run_after=2025-09-07T00:00:00+00:00
[2025-09-06T08:05:45.689+0000] {processor.py:179} INFO - Processing /opt/airflow/dags/hello_world.py took 0.241 seconds
[2025-09-06T08:06:16.022+0000] {processor.py:157} INFO - Started process (PID=406) to work on /opt/airflow/dags/hello_world.py
[2025-09-06T08:06:16.033+0000] {processor.py:829} INFO - Processing file /opt/airflow/dags/hello_world.py for tasks to queue
[2025-09-06T08:06:16.036+0000] {logging_mixin.py:151} INFO - [2025-09-06T08:06:16.035+0000] {dagbag.py:539} INFO - Filling up the DagBag from /opt/airflow/dags/hello_world.py
[2025-09-06T08:06:16.061+0000] {processor.py:839} INFO - DAG(s) dict_keys(['hello_world']) retrieved from /opt/airflow/dags/hello_world.py
[2025-09-06T08:06:16.133+0000] {logging_mixin.py:151} INFO - [2025-09-06T08:06:16.133+0000] {dag.py:2915} INFO - Sync 1 DAGs
[2025-09-06T08:06:16.222+0000] {logging_mixin.py:151} INFO - [2025-09-06T08:06:16.220+0000] {dag.py:3696} INFO - Setting next_dagrun for hello_world to 2025-09-06T00:00:00+00:00, run_after=2025-09-07T00:00:00+00:00
[2025-09-06T08:06:16.302+0000] {processor.py:179} INFO - Processing /opt/airflow/dags/hello_world.py took 0.288 seconds
[2025-09-06T08:06:46.628+0000] {processor.py:157} INFO - Started process (PID=411) to work on /opt/airflow/dags/hello_world.py
[2025-09-06T08:06:46.639+0000] {processor.py:829} INFO - Processing file /opt/airflow/dags/hello_world.py for tasks to queue
[2025-09-06T08:06:46.642+0000] {logging_mixin.py:151} INFO - [2025-09-06T08:06:46.641+0000] {dagbag.py:539} INFO - Filling up the DagBag from /opt/airflow/dags/hello_world.py
[2025-09-06T08:06:46.676+0000] {processor.py:839} INFO - DAG(s) dict_keys(['hello_world']) retrieved from /opt/airflow/dags/hello_world.py
[2025-09-06T08:06:46.793+0000] {logging_mixin.py:151} INFO - [2025-09-06T08:06:46.792+0000] {dag.py:2915} INFO - Sync 1 DAGs
[2025-09-06T08:06:46.912+0000] {logging_mixin.py:151} INFO - [2025-09-06T08:06:46.911+0000] {dag.py:3696} INFO - Setting next_dagrun for hello_world to 2025-09-06T00:00:00+00:00, run_after=2025-09-07T00:00:00+00:00
[2025-09-06T08:06:47.007+0000] {processor.py:179} INFO - Processing /opt/airflow/dags/hello_world.py took 0.391 seconds
[2025-09-06T08:07:17.311+0000] {processor.py:157} INFO - Started process (PID=416) to work on /opt/airflow/dags/hello_world.py
[2025-09-06T08:07:17.313+0000] {processor.py:829} INFO - Processing file /opt/airflow/dags/hello_world.py for tasks to queue
[2025-09-06T08:07:17.314+0000] {logging_mixin.py:151} INFO - [2025-09-06T08:07:17.314+0000] {dagbag.py:539} INFO - Filling up the DagBag from /opt/airflow/dags/hello_world.py
[2025-09-06T08:07:17.338+0000] {processor.py:839} INFO - DAG(s) dict_keys(['hello_world']) retrieved from /opt/airflow/dags/hello_world.py
[2025-09-06T08:07:17.414+0000] {logging_mixin.py:151} INFO - [2025-09-06T08:07:17.413+0000] {dag.py:2915} INFO - Sync 1 DAGs
[2025-09-06T08:07:17.494+0000] {logging_mixin.py:151} INFO - [2025-09-06T08:07:17.493+0000] {dag.py:3696} INFO - Setting next_dagrun for hello_world to 2025-09-06T00:00:00+00:00, run_after=2025-09-07T00:00:00+00:00
[2025-09-06T08:07:17.554+0000] {processor.py:179} INFO - Processing /opt/airflow/dags/hello_world.py took 0.251 seconds
[2025-09-06T08:07:47.620+0000] {processor.py:157} INFO - Started process (PID=421) to work on /opt/airflow/dags/hello_world.py
[2025-09-06T08:07:47.632+0000] {processor.py:829} INFO - Processing file /opt/airflow/dags/hello_world.py for tasks to queue
[2025-09-06T08:07:47.634+0000] {logging_mixin.py:151} INFO - [2025-09-06T08:07:47.633+0000] {dagbag.py:539} INFO - Filling up the DagBag from /opt/airflow/dags/hello_world.py
[2025-09-06T08:07:47.664+0000] {processor.py:839} INFO - DAG(s) dict_keys(['hello_world']) retrieved from /opt/airflow/dags/hello_world.py
[2025-09-06T08:07:47.771+0000] {logging_mixin.py:151} INFO - [2025-09-06T08:07:47.770+0000] {dag.py:2915} INFO - Sync 1 DAGs
[2025-09-06T08:07:47.873+0000] {logging_mixin.py:151} INFO - [2025-09-06T08:07:47.872+0000] {dag.py:3696} INFO - Setting next_dagrun for hello_world to 2025-09-06T00:00:00+00:00, run_after=2025-09-07T00:00:00+00:00
[2025-09-06T08:07:47.951+0000] {processor.py:179} INFO - Processing /opt/airflow/dags/hello_world.py took 0.340 seconds
[2025-09-06T08:08:18.131+0000] {processor.py:157} INFO - Started process (PID=426) to work on /opt/airflow/dags/hello_world.py
[2025-09-06T08:08:18.133+0000] {processor.py:829} INFO - Processing file /opt/airflow/dags/hello_world.py for tasks to queue
[2025-09-06T08:08:18.135+0000] {logging_mixin.py:151} INFO - [2025-09-06T08:08:18.134+0000] {dagbag.py:539} INFO - Filling up the DagBag from /opt/airflow/dags/hello_world.py
[2025-09-06T08:08:18.161+0000] {processor.py:839} INFO - DAG(s) dict_keys(['hello_world']) retrieved from /opt/airflow/dags/hello_world.py
[2025-09-06T08:08:18.244+0000] {logging_mixin.py:151} INFO - [2025-09-06T08:08:18.243+0000] {dag.py:2915} INFO - Sync 1 DAGs
[2025-09-06T08:08:18.319+0000] {logging_mixin.py:151} INFO - [2025-09-06T08:08:18.318+0000] {dag.py:3696} INFO - Setting next_dagrun for hello_world to 2025-09-06T00:00:00+00:00, run_after=2025-09-07T00:00:00+00:00
[2025-09-06T08:08:18.375+0000] {processor.py:179} INFO - Processing /opt/airflow/dags/hello_world.py took 0.254 seconds
[2025-09-06T08:08:48.515+0000] {processor.py:157} INFO - Started process (PID=431) to work on /opt/airflow/dags/hello_world.py
[2025-09-06T08:08:48.526+0000] {processor.py:829} INFO - Processing file /opt/airflow/dags/hello_world.py for tasks to queue
[2025-09-06T08:08:48.528+0000] {logging_mixin.py:151} INFO - [2025-09-06T08:08:48.527+0000] {dagbag.py:539} INFO - Filling up the DagBag from /opt/airflow/dags/hello_world.py
[2025-09-06T08:08:48.553+0000] {processor.py:839} INFO - DAG(s) dict_keys(['hello_world']) retrieved from /opt/airflow/dags/hello_world.py
[2025-09-06T08:08:48.628+0000] {logging_mixin.py:151} INFO - [2025-09-06T08:08:48.627+0000] {dag.py:2915} INFO - Sync 1 DAGs
[2025-09-06T08:08:48.678+0000] {logging_mixin.py:151} INFO - [2025-09-06T08:08:48.678+0000] {dag.py:3696} INFO - Setting next_dagrun for hello_world to 2025-09-06T00:00:00+00:00, run_after=2025-09-07T00:00:00+00:00
[2025-09-06T08:08:48.730+0000] {processor.py:179} INFO - Processing /opt/airflow/dags/hello_world.py took 0.224 seconds
[2025-09-06T08:09:18.901+0000] {processor.py:157} INFO - Started process (PID=436) to work on /opt/airflow/dags/hello_world.py
[2025-09-06T08:09:18.902+0000] {processor.py:829} INFO - Processing file /opt/airflow/dags/hello_world.py for tasks to queue
[2025-09-06T08:09:18.903+0000] {logging_mixin.py:151} INFO - [2025-09-06T08:09:18.902+0000] {dagbag.py:539} INFO - Filling up the DagBag from /opt/airflow/dags/hello_world.py
[2025-09-06T08:09:18.919+0000] {processor.py:839} INFO - DAG(s) dict_keys(['hello_world']) retrieved from /opt/airflow/dags/hello_world.py
[2025-09-06T08:09:18.965+0000] {logging_mixin.py:151} INFO - [2025-09-06T08:09:18.965+0000] {dag.py:2915} INFO - Sync 1 DAGs
[2025-09-06T08:09:19.006+0000] {logging_mixin.py:151} INFO - [2025-09-06T08:09:19.005+0000] {dag.py:3696} INFO - Setting next_dagrun for hello_world to 2025-09-06T00:00:00+00:00, run_after=2025-09-07T00:00:00+00:00
[2025-09-06T08:09:19.042+0000] {processor.py:179} INFO - Processing /opt/airflow/dags/hello_world.py took 0.147 seconds
[2025-09-06T08:09:49.268+0000] {processor.py:157} INFO - Started process (PID=441) to work on /opt/airflow/dags/hello_world.py
[2025-09-06T08:09:49.280+0000] {processor.py:829} INFO - Processing file /opt/airflow/dags/hello_world.py for tasks to queue
[2025-09-06T08:09:49.283+0000] {logging_mixin.py:151} INFO - [2025-09-06T08:09:49.282+0000] {dagbag.py:539} INFO - Filling up the DagBag from /opt/airflow/dags/hello_world.py
[2025-09-06T08:09:49.323+0000] {processor.py:839} INFO - DAG(s) dict_keys(['hello_world']) retrieved from /opt/airflow/dags/hello_world.py
[2025-09-06T08:09:49.428+0000] {logging_mixin.py:151} INFO - [2025-09-06T08:09:49.427+0000] {dag.py:2915} INFO - Sync 1 DAGs
[2025-09-06T08:09:49.527+0000] {logging_mixin.py:151} INFO - [2025-09-06T08:09:49.526+0000] {dag.py:3696} INFO - Setting next_dagrun for hello_world to 2025-09-06T00:00:00+00:00, run_after=2025-09-07T00:00:00+00:00
[2025-09-06T08:09:49.605+0000] {processor.py:179} INFO - Processing /opt/airflow/dags/hello_world.py took 0.350 seconds
[2025-09-06T08:10:19.906+0000] {processor.py:157} INFO - Started process (PID=446) to work on /opt/airflow/dags/hello_world.py
[2025-09-06T08:10:19.908+0000] {processor.py:829} INFO - Processing file /opt/airflow/dags/hello_world.py for tasks to queue
[2025-09-06T08:10:19.910+0000] {logging_mixin.py:151} INFO - [2025-09-06T08:10:19.910+0000] {dagbag.py:539} INFO - Filling up the DagBag from /opt/airflow/dags/hello_world.py
[2025-09-06T08:10:19.938+0000] {processor.py:839} INFO - DAG(s) dict_keys(['hello_world']) retrieved from /opt/airflow/dags/hello_world.py
[2025-09-06T08:10:20.016+0000] {logging_mixin.py:151} INFO - [2025-09-06T08:10:20.015+0000] {dag.py:2915} INFO - Sync 1 DAGs
[2025-09-06T08:10:20.076+0000] {logging_mixin.py:151} INFO - [2025-09-06T08:10:20.076+0000] {dag.py:3696} INFO - Setting next_dagrun for hello_world to 2025-09-06T00:00:00+00:00, run_after=2025-09-07T00:00:00+00:00
[2025-09-06T08:10:20.132+0000] {processor.py:179} INFO - Processing /opt/airflow/dags/hello_world.py took 0.238 seconds
[2025-09-06T08:10:50.444+0000] {processor.py:157} INFO - Started process (PID=451) to work on /opt/airflow/dags/hello_world.py
[2025-09-06T08:10:50.456+0000] {processor.py:829} INFO - Processing file /opt/airflow/dags/hello_world.py for tasks to queue
[2025-09-06T08:10:50.460+0000] {logging_mixin.py:151} INFO - [2025-09-06T08:10:50.459+0000] {dagbag.py:539} INFO - Filling up the DagBag from /opt/airflow/dags/hello_world.py
[2025-09-06T08:10:50.499+0000] {processor.py:839} INFO - DAG(s) dict_keys(['hello_world']) retrieved from /opt/airflow/dags/hello_world.py
[2025-09-06T08:10:50.613+0000] {logging_mixin.py:151} INFO - [2025-09-06T08:10:50.612+0000] {dag.py:2915} INFO - Sync 1 DAGs
[2025-09-06T08:10:50.700+0000] {logging_mixin.py:151} INFO - [2025-09-06T08:10:50.700+0000] {dag.py:3696} INFO - Setting next_dagrun for hello_world to 2025-09-06T00:00:00+00:00, run_after=2025-09-07T00:00:00+00:00
[2025-09-06T08:10:50.768+0000] {processor.py:179} INFO - Processing /opt/airflow/dags/hello_world.py took 0.340 seconds
[2025-09-06T08:11:21.089+0000] {processor.py:157} INFO - Started process (PID=456) to work on /opt/airflow/dags/hello_world.py
[2025-09-06T08:11:21.092+0000] {processor.py:829} INFO - Processing file /opt/airflow/dags/hello_world.py for tasks to queue
[2025-09-06T08:11:21.095+0000] {logging_mixin.py:151} INFO - [2025-09-06T08:11:21.094+0000] {dagbag.py:539} INFO - Filling up the DagBag from /opt/airflow/dags/hello_world.py
[2025-09-06T08:11:21.125+0000] {processor.py:839} INFO - DAG(s) dict_keys(['hello_world']) retrieved from /opt/airflow/dags/hello_world.py
[2025-09-06T08:11:21.202+0000] {logging_mixin.py:151} INFO - [2025-09-06T08:11:21.201+0000] {dag.py:2915} INFO - Sync 1 DAGs
[2025-09-06T08:11:21.274+0000] {logging_mixin.py:151} INFO - [2025-09-06T08:11:21.273+0000] {dag.py:3696} INFO - Setting next_dagrun for hello_world to 2025-09-06T00:00:00+00:00, run_after=2025-09-07T00:00:00+00:00
[2025-09-06T08:11:21.333+0000] {processor.py:179} INFO - Processing /opt/airflow/dags/hello_world.py took 0.257 seconds
[2025-09-06T08:11:51.630+0000] {processor.py:157} INFO - Started process (PID=461) to work on /opt/airflow/dags/hello_world.py
[2025-09-06T08:11:51.631+0000] {processor.py:829} INFO - Processing file /opt/airflow/dags/hello_world.py for tasks to queue
[2025-09-06T08:11:51.633+0000] {logging_mixin.py:151} INFO - [2025-09-06T08:11:51.632+0000] {dagbag.py:539} INFO - Filling up the DagBag from /opt/airflow/dags/hello_world.py
[2025-09-06T08:11:51.648+0000] {processor.py:839} INFO - DAG(s) dict_keys(['hello_world']) retrieved from /opt/airflow/dags/hello_world.py
[2025-09-06T08:11:51.691+0000] {logging_mixin.py:151} INFO - [2025-09-06T08:11:51.690+0000] {dag.py:2915} INFO - Sync 1 DAGs
[2025-09-06T08:11:51.730+0000] {logging_mixin.py:151} INFO - [2025-09-06T08:11:51.730+0000] {dag.py:3696} INFO - Setting next_dagrun for hello_world to 2025-09-06T00:00:00+00:00, run_after=2025-09-07T00:00:00+00:00
[2025-09-06T08:11:51.770+0000] {processor.py:179} INFO - Processing /opt/airflow/dags/hello_world.py took 0.147 seconds
[2025-09-06T08:12:21.979+0000] {processor.py:157} INFO - Started process (PID=466) to work on /opt/airflow/dags/hello_world.py
[2025-09-06T08:12:21.981+0000] {processor.py:829} INFO - Processing file /opt/airflow/dags/hello_world.py for tasks to queue
[2025-09-06T08:12:21.984+0000] {logging_mixin.py:151} INFO - [2025-09-06T08:12:21.983+0000] {dagbag.py:539} INFO - Filling up the DagBag from /opt/airflow/dags/hello_world.py
[2025-09-06T08:12:22.018+0000] {processor.py:839} INFO - DAG(s) dict_keys(['hello_world']) retrieved from /opt/airflow/dags/hello_world.py
[2025-09-06T08:12:22.108+0000] {logging_mixin.py:151} INFO - [2025-09-06T08:12:22.107+0000] {dag.py:2915} INFO - Sync 1 DAGs
[2025-09-06T08:12:22.187+0000] {logging_mixin.py:151} INFO - [2025-09-06T08:12:22.187+0000] {dag.py:3696} INFO - Setting next_dagrun for hello_world to 2025-09-06T00:00:00+00:00, run_after=2025-09-07T00:00:00+00:00
[2025-09-06T08:12:22.261+0000] {processor.py:179} INFO - Processing /opt/airflow/dags/hello_world.py took 0.294 seconds
