[2025-09-06T07:09:09.256+0000] {manager.py:487} INFO - Processing files using up to 2 processes at a time 
[2025-09-06T07:09:09.257+0000] {manager.py:488} INFO - Process each file at most once every 30 seconds
[2025-09-06T07:09:09.258+0000] {manager.py:489} INFO - Checking for new files in /opt/airflow/dags every 300 seconds
[2025-09-06T07:09:09.259+0000] {manager.py:759} INFO - Searching for files in /opt/airflow/dags
[2025-09-06T07:09:09.261+0000] {manager.py:762} INFO - There are 0 files in /opt/airflow/dags
[2025-09-06T07:14:09.786+0000] {manager.py:759} INFO - Searching for files in /opt/airflow/dags
[2025-09-06T07:14:09.799+0000] {manager.py:762} INFO - There are 1 files in /opt/airflow/dags
[2025-09-06T07:14:11.774+0000] {manager.py:893} INFO - 
================================================================================
DAG File Processing Stats

File Path                         PID    Runtime      # DAGs    # Errors  Last Runtime    Last Run
--------------------------------  -----  ---------  --------  ----------  --------------  -------------------
/opt/airflow/dags/hello_world.py                           1           0  0.91s           2025-09-06T07:14:10
================================================================================
[2025-09-06T07:14:42.085+0000] {manager.py:893} INFO - 
================================================================================
DAG File Processing Stats

File Path                         PID    Runtime      # DAGs    # Errors  Last Runtime    Last Run
--------------------------------  -----  ---------  --------  ----------  --------------  -------------------
/opt/airflow/dags/hello_world.py                           1           0  0.54s           2025-09-06T07:14:41
================================================================================
[2025-09-06T07:15:12.344+0000] {manager.py:893} INFO - 
================================================================================
DAG File Processing Stats

File Path                           PID  Runtime      # DAGs    # Errors  Last Runtime    Last Run
--------------------------------  -----  ---------  --------  ----------  --------------  -------------------
/opt/airflow/dags/hello_world.py    187  0.57s             1           0  0.54s           2025-09-06T07:14:41
================================================================================
[2025-09-06T07:15:42.604+0000] {manager.py:893} INFO - 
================================================================================
DAG File Processing Stats

File Path                           PID  Runtime      # DAGs    # Errors  Last Runtime    Last Run
--------------------------------  -----  ---------  --------  ----------  --------------  -------------------
/opt/airflow/dags/hello_world.py    192  0.02s             1           0  0.68s           2025-09-06T07:15:12
================================================================================
[2025-09-06T07:16:12.844+0000] {manager.py:893} INFO - 
================================================================================
DAG File Processing Stats

File Path                         PID    Runtime      # DAGs    # Errors  Last Runtime    Last Run
--------------------------------  -----  ---------  --------  ----------  --------------  -------------------
/opt/airflow/dags/hello_world.py                           1           0  0.39s           2025-09-06T07:15:42
================================================================================
[2025-09-06T07:16:43.469+0000] {manager.py:893} INFO - 
================================================================================
DAG File Processing Stats

File Path                         PID    Runtime      # DAGs    # Errors  Last Runtime    Last Run
--------------------------------  -----  ---------  --------  ----------  --------------  -------------------
/opt/airflow/dags/hello_world.py                           1           0  0.38s           2025-09-06T07:16:13
================================================================================
[2025-09-06T07:17:14.094+0000] {manager.py:893} INFO - 
================================================================================
DAG File Processing Stats

File Path                         PID    Runtime      # DAGs    # Errors  Last Runtime    Last Run
--------------------------------  -----  ---------  --------  ----------  --------------  -------------------
/opt/airflow/dags/hello_world.py                           1           0  0.35s           2025-09-06T07:16:44
================================================================================
[2025-09-06T07:17:44.685+0000] {manager.py:893} INFO - 
================================================================================
DAG File Processing Stats

File Path                         PID    Runtime      # DAGs    # Errors  Last Runtime    Last Run
--------------------------------  -----  ---------  --------  ----------  --------------  -------------------
/opt/airflow/dags/hello_world.py                           1           0  0.26s           2025-09-06T07:17:14
================================================================================
[2025-09-06T07:18:15.188+0000] {manager.py:893} INFO - 
================================================================================
DAG File Processing Stats

File Path                         PID    Runtime      # DAGs    # Errors  Last Runtime    Last Run
--------------------------------  -----  ---------  --------  ----------  --------------  -------------------
/opt/airflow/dags/hello_world.py                           1           0  0.32s           2025-09-06T07:17:45
================================================================================
[2025-09-06T07:18:45.772+0000] {manager.py:893} INFO - 
================================================================================
DAG File Processing Stats

File Path                           PID  Runtime      # DAGs    # Errors  Last Runtime    Last Run
--------------------------------  -----  ---------  --------  ----------  --------------  -------------------
/opt/airflow/dags/hello_world.py    222  0.02s             1           0  0.21s           2025-09-06T07:18:15
================================================================================
[2025-09-06T07:19:10.118+0000] {manager.py:759} INFO - Searching for files in /opt/airflow/dags
[2025-09-06T07:19:10.124+0000] {manager.py:762} INFO - There are 1 files in /opt/airflow/dags
[2025-09-06T07:19:16.227+0000] {manager.py:893} INFO - 
================================================================================
DAG File Processing Stats

File Path                           PID  Runtime      # DAGs    # Errors  Last Runtime    Last Run
--------------------------------  -----  ---------  --------  ----------  --------------  -------------------
/opt/airflow/dags/hello_world.py    227  0.02s             1           0  0.32s           2025-09-06T07:18:46
================================================================================
[2025-09-06T07:19:46.562+0000] {manager.py:893} INFO - 
================================================================================
DAG File Processing Stats

File Path                           PID  Runtime      # DAGs    # Errors  Last Runtime    Last Run
--------------------------------  -----  ---------  --------  ----------  --------------  -------------------
/opt/airflow/dags/hello_world.py    232  0.01s             1           0  0.24s           2025-09-06T07:19:16
================================================================================
[2025-09-06T07:20:16.942+0000] {manager.py:893} INFO - 
================================================================================
DAG File Processing Stats

File Path                           PID  Runtime      # DAGs    # Errors  Last Runtime    Last Run
--------------------------------  -----  ---------  --------  ----------  --------------  -------------------
/opt/airflow/dags/hello_world.py    237  0.01s             1           0  0.22s           2025-09-06T07:19:46
================================================================================
[2025-09-06T07:20:47.247+0000] {manager.py:893} INFO - 
================================================================================
DAG File Processing Stats

File Path                           PID  Runtime      # DAGs    # Errors  Last Runtime    Last Run
--------------------------------  -----  ---------  --------  ----------  --------------  -------------------
/opt/airflow/dags/hello_world.py    242  0.01s             1           0  0.30s           2025-09-06T07:20:17
================================================================================
[2025-09-06T07:21:17.710+0000] {manager.py:893} INFO - 
================================================================================
DAG File Processing Stats

File Path                           PID  Runtime      # DAGs    # Errors  Last Runtime    Last Run
--------------------------------  -----  ---------  --------  ----------  --------------  -------------------
/opt/airflow/dags/hello_world.py    247  0.02s             1           0  0.27s           2025-09-06T07:20:47
================================================================================
[2025-09-06T07:21:47.995+0000] {manager.py:893} INFO - 
================================================================================
DAG File Processing Stats

File Path                           PID  Runtime      # DAGs    # Errors  Last Runtime    Last Run
--------------------------------  -----  ---------  --------  ----------  --------------  -------------------
/opt/airflow/dags/hello_world.py    252  0.01s             1           0  0.28s           2025-09-06T07:21:17
================================================================================
[2025-09-06T07:22:18.467+0000] {manager.py:893} INFO - 
================================================================================
DAG File Processing Stats

File Path                           PID  Runtime      # DAGs    # Errors  Last Runtime    Last Run
--------------------------------  -----  ---------  --------  ----------  --------------  -------------------
/opt/airflow/dags/hello_world.py    257  0.02s             1           0  0.25s           2025-09-06T07:21:48
================================================================================
[2025-09-06T07:22:48.732+0000] {manager.py:893} INFO - 
================================================================================
DAG File Processing Stats

File Path                         PID    Runtime      # DAGs    # Errors  Last Runtime    Last Run
--------------------------------  -----  ---------  --------  ----------  --------------  -------------------
/opt/airflow/dags/hello_world.py                           1           0  0.37s           2025-09-06T07:22:18
================================================================================
[2025-09-06T07:23:19.245+0000] {manager.py:893} INFO - 
================================================================================
DAG File Processing Stats

File Path                         PID    Runtime      # DAGs    # Errors  Last Runtime    Last Run
--------------------------------  -----  ---------  --------  ----------  --------------  -------------------
/opt/airflow/dags/hello_world.py                           1           0  0.37s           2025-09-06T07:22:49
================================================================================
[2025-09-06T07:23:49.791+0000] {manager.py:893} INFO - 
================================================================================
DAG File Processing Stats

File Path                         PID    Runtime      # DAGs    # Errors  Last Runtime    Last Run
--------------------------------  -----  ---------  --------  ----------  --------------  -------------------
/opt/airflow/dags/hello_world.py                           1           0  0.20s           2025-09-06T07:23:19
================================================================================
[2025-09-06T07:24:10.253+0000] {manager.py:759} INFO - Searching for files in /opt/airflow/dags
[2025-09-06T07:24:10.256+0000] {manager.py:762} INFO - There are 1 files in /opt/airflow/dags
[2025-09-06T07:24:20.168+0000] {manager.py:893} INFO - 
================================================================================
DAG File Processing Stats

File Path                           PID  Runtime      # DAGs    # Errors  Last Runtime    Last Run
--------------------------------  -----  ---------  --------  ----------  --------------  -------------------
/opt/airflow/dags/hello_world.py    277  0.01s             1           0  0.17s           2025-09-06T07:23:50
================================================================================
[2025-09-06T07:24:50.351+0000] {manager.py:893} INFO - 
================================================================================
DAG File Processing Stats

File Path                           PID  Runtime      # DAGs    # Errors  Last Runtime    Last Run
--------------------------------  -----  ---------  --------  ----------  --------------  -------------------
/opt/airflow/dags/hello_world.py    282  0.01s             1           0  0.17s           2025-09-06T07:24:20
================================================================================
[2025-09-06T07:25:20.672+0000] {manager.py:893} INFO - 
================================================================================
DAG File Processing Stats

File Path                           PID  Runtime      # DAGs    # Errors  Last Runtime    Last Run
--------------------------------  -----  ---------  --------  ----------  --------------  -------------------
/opt/airflow/dags/hello_world.py    287  0.01s             1           0  0.16s           2025-09-06T07:24:50
================================================================================
[2025-09-06T07:25:50.887+0000] {manager.py:893} INFO - 
================================================================================
DAG File Processing Stats

File Path                           PID  Runtime      # DAGs    # Errors  Last Runtime    Last Run
--------------------------------  -----  ---------  --------  ----------  --------------  -------------------
/opt/airflow/dags/hello_world.py    292  0.01s             1           0  0.19s           2025-09-06T07:25:20
================================================================================
[2025-09-06T07:26:21.225+0000] {manager.py:893} INFO - 
================================================================================
DAG File Processing Stats

File Path                           PID  Runtime      # DAGs    # Errors  Last Runtime    Last Run
--------------------------------  -----  ---------  --------  ----------  --------------  -------------------
/opt/airflow/dags/hello_world.py    297  0.01s             1           0  0.17s           2025-09-06T07:25:51
================================================================================
[2025-09-06T07:26:51.420+0000] {manager.py:893} INFO - 
================================================================================
DAG File Processing Stats

File Path                           PID  Runtime      # DAGs    # Errors  Last Runtime    Last Run
--------------------------------  -----  ---------  --------  ----------  --------------  -------------------
/opt/airflow/dags/hello_world.py    302  0.01s             1           0  0.16s           2025-09-06T07:26:21
================================================================================
[2025-09-06T07:27:21.739+0000] {manager.py:893} INFO - 
================================================================================
DAG File Processing Stats

File Path                           PID  Runtime      # DAGs    # Errors  Last Runtime    Last Run
--------------------------------  -----  ---------  --------  ----------  --------------  -------------------
/opt/airflow/dags/hello_world.py    307  0.01s             1           0  0.15s           2025-09-06T07:26:51
================================================================================
[2025-09-06T07:27:51.939+0000] {manager.py:893} INFO - 
================================================================================
DAG File Processing Stats

File Path                           PID  Runtime      # DAGs    # Errors  Last Runtime    Last Run
--------------------------------  -----  ---------  --------  ----------  --------------  -------------------
/opt/airflow/dags/hello_world.py    312  0.01s             1           0  0.19s           2025-09-06T07:27:21
================================================================================
[2025-09-06T07:57:35.285+0000] {manager.py:759} INFO - Searching for files in /opt/airflow/dags
[2025-09-06T07:57:35.289+0000] {manager.py:762} INFO - There are 1 files in /opt/airflow/dags
[2025-09-06T07:57:57.811+0000] {manager.py:893} INFO - 
================================================================================
DAG File Processing Stats

File Path                         PID    Runtime      # DAGs    # Errors  Last Runtime    Last Run
--------------------------------  -----  ---------  --------  ----------  --------------  -------------------
/opt/airflow/dags/hello_world.py                           1           0  0.32s           2025-09-06T07:57:35
================================================================================
[2025-09-06T07:58:28.096+0000] {manager.py:893} INFO - 
================================================================================
DAG File Processing Stats

File Path                         PID    Runtime      # DAGs    # Errors  Last Runtime    Last Run
--------------------------------  -----  ---------  --------  ----------  --------------  -------------------
/opt/airflow/dags/hello_world.py                           1           0  0.42s           2025-09-06T07:58:06
================================================================================
[2025-09-06T07:58:58.239+0000] {manager.py:893} INFO - 
================================================================================
DAG File Processing Stats

File Path                         PID    Runtime      # DAGs    # Errors  Last Runtime    Last Run
--------------------------------  -----  ---------  --------  ----------  --------------  -------------------
/opt/airflow/dags/hello_world.py                           1           0  0.46s           2025-09-06T07:58:37
================================================================================
[2025-09-06T07:59:28.497+0000] {manager.py:893} INFO - 
================================================================================
DAG File Processing Stats

File Path                         PID    Runtime      # DAGs    # Errors  Last Runtime    Last Run
--------------------------------  -----  ---------  --------  ----------  --------------  -------------------
/opt/airflow/dags/hello_world.py                           1           0  0.28s           2025-09-06T07:59:07
================================================================================
[2025-09-06T07:59:59.022+0000] {manager.py:893} INFO - 
================================================================================
DAG File Processing Stats

File Path                         PID    Runtime      # DAGs    # Errors  Last Runtime    Last Run
--------------------------------  -----  ---------  --------  ----------  --------------  -------------------
/opt/airflow/dags/hello_world.py                           1           0  0.42s           2025-09-06T07:59:38
================================================================================
[2025-09-06T08:00:29.075+0000] {manager.py:893} INFO - 
================================================================================
DAG File Processing Stats

File Path                         PID    Runtime      # DAGs    # Errors  Last Runtime    Last Run
--------------------------------  -----  ---------  --------  ----------  --------------  -------------------
/opt/airflow/dags/hello_world.py                           1           0  0.39s           2025-09-06T08:00:08
================================================================================
[2025-09-06T08:00:59.345+0000] {manager.py:893} INFO - 
================================================================================
DAG File Processing Stats

File Path                         PID    Runtime      # DAGs    # Errors  Last Runtime    Last Run
--------------------------------  -----  ---------  --------  ----------  --------------  -------------------
/opt/airflow/dags/hello_world.py                           1           0  0.29s           2025-09-06T08:00:39
================================================================================
[2025-09-06T08:01:29.878+0000] {manager.py:893} INFO - 
================================================================================
DAG File Processing Stats

File Path                         PID    Runtime      # DAGs    # Errors  Last Runtime    Last Run
--------------------------------  -----  ---------  --------  ----------  --------------  -------------------
/opt/airflow/dags/hello_world.py                           1           0  0.30s           2025-09-06T08:01:10
================================================================================
[2025-09-06T08:02:00.447+0000] {manager.py:893} INFO - 
================================================================================
DAG File Processing Stats

File Path                         PID    Runtime      # DAGs    # Errors  Last Runtime    Last Run
--------------------------------  -----  ---------  --------  ----------  --------------  -------------------
/opt/airflow/dags/hello_world.py                           1           0  0.30s           2025-09-06T08:01:40
================================================================================
[2025-09-06T08:02:31.002+0000] {manager.py:893} INFO - 
================================================================================
DAG File Processing Stats

File Path                         PID    Runtime      # DAGs    # Errors  Last Runtime    Last Run
--------------------------------  -----  ---------  --------  ----------  --------------  -------------------
/opt/airflow/dags/hello_world.py                           1           0  0.32s           2025-09-06T08:02:11
================================================================================
[2025-09-06T08:02:35.332+0000] {manager.py:759} INFO - Searching for files in /opt/airflow/dags
[2025-09-06T08:02:35.336+0000] {manager.py:762} INFO - There are 1 files in /opt/airflow/dags
[2025-09-06T08:03:01.608+0000] {manager.py:893} INFO - 
================================================================================
DAG File Processing Stats

File Path                         PID    Runtime      # DAGs    # Errors  Last Runtime    Last Run
--------------------------------  -----  ---------  --------  ----------  --------------  -------------------
/opt/airflow/dags/hello_world.py                           1           0  0.31s           2025-09-06T08:02:41
================================================================================
[2025-09-06T08:03:32.187+0000] {manager.py:893} INFO - 
================================================================================
DAG File Processing Stats

File Path                         PID    Runtime      # DAGs    # Errors  Last Runtime    Last Run
--------------------------------  -----  ---------  --------  ----------  --------------  -------------------
/opt/airflow/dags/hello_world.py                           1           0  0.35s           2025-09-06T08:03:12
================================================================================
[2025-09-06T08:04:02.797+0000] {manager.py:893} INFO - 
================================================================================
DAG File Processing Stats

File Path                         PID    Runtime      # DAGs    # Errors  Last Runtime    Last Run
--------------------------------  -----  ---------  --------  ----------  --------------  -------------------
/opt/airflow/dags/hello_world.py                           1           0  0.40s           2025-09-06T08:03:43
================================================================================
[2025-09-06T08:04:33.447+0000] {manager.py:893} INFO - 
================================================================================
DAG File Processing Stats

File Path                         PID    Runtime      # DAGs    # Errors  Last Runtime    Last Run
--------------------------------  -----  ---------  --------  ----------  --------------  -------------------
/opt/airflow/dags/hello_world.py                           1           0  0.33s           2025-09-06T08:04:13
================================================================================
[2025-09-06T08:05:03.621+0000] {manager.py:893} INFO - 
================================================================================
DAG File Processing Stats

File Path                         PID    Runtime      # DAGs    # Errors  Last Runtime    Last Run
--------------------------------  -----  ---------  --------  ----------  --------------  -------------------
/opt/airflow/dags/hello_world.py                           1           0  0.56s           2025-09-06T08:04:44
================================================================================
[2025-09-06T08:05:34.310+0000] {manager.py:893} INFO - 
================================================================================
DAG File Processing Stats

File Path                         PID    Runtime      # DAGs    # Errors  Last Runtime    Last Run
--------------------------------  -----  ---------  --------  ----------  --------------  -------------------
/opt/airflow/dags/hello_world.py                           1           0  0.42s           2025-09-06T08:05:15
================================================================================
[2025-09-06T08:06:04.618+0000] {manager.py:893} INFO - 
================================================================================
DAG File Processing Stats

File Path                         PID    Runtime      # DAGs    # Errors  Last Runtime    Last Run
--------------------------------  -----  ---------  --------  ----------  --------------  -------------------
/opt/airflow/dags/hello_world.py                           1           0  0.30s           2025-09-06T08:05:45
================================================================================
[2025-09-06T08:06:35.164+0000] {manager.py:893} INFO - 
================================================================================
DAG File Processing Stats

File Path                         PID    Runtime      # DAGs    # Errors  Last Runtime    Last Run
--------------------------------  -----  ---------  --------  ----------  --------------  -------------------
/opt/airflow/dags/hello_world.py                           1           0  0.35s           2025-09-06T08:06:16
================================================================================
[2025-09-06T08:07:05.179+0000] {manager.py:893} INFO - 
================================================================================
DAG File Processing Stats

File Path                         PID    Runtime      # DAGs    # Errors  Last Runtime    Last Run
--------------------------------  -----  ---------  --------  ----------  --------------  -------------------
/opt/airflow/dags/hello_world.py                           1           0  0.45s           2025-09-06T08:06:47
================================================================================
[2025-09-06T08:07:35.444+0000] {manager.py:759} INFO - Searching for files in /opt/airflow/dags
[2025-09-06T08:07:35.449+0000] {manager.py:762} INFO - There are 1 files in /opt/airflow/dags
[2025-09-06T08:07:35.477+0000] {manager.py:893} INFO - 
================================================================================
DAG File Processing Stats

File Path                         PID    Runtime      # DAGs    # Errors  Last Runtime    Last Run
--------------------------------  -----  ---------  --------  ----------  --------------  -------------------
/opt/airflow/dags/hello_world.py                           1           0  0.30s           2025-09-06T08:07:17
================================================================================
[2025-09-06T08:08:05.998+0000] {manager.py:893} INFO - 
================================================================================
DAG File Processing Stats

File Path                         PID    Runtime      # DAGs    # Errors  Last Runtime    Last Run
--------------------------------  -----  ---------  --------  ----------  --------------  -------------------
/opt/airflow/dags/hello_world.py                           1           0  0.39s           2025-09-06T08:07:47
================================================================================
[2025-09-06T08:08:36.367+0000] {manager.py:893} INFO - 
================================================================================
DAG File Processing Stats

File Path                         PID    Runtime      # DAGs    # Errors  Last Runtime    Last Run
--------------------------------  -----  ---------  --------  ----------  --------------  -------------------
/opt/airflow/dags/hello_world.py                           1           0  0.30s           2025-09-06T08:08:18
================================================================================
[2025-09-06T08:09:06.789+0000] {manager.py:893} INFO - 
================================================================================
DAG File Processing Stats

File Path                         PID    Runtime      # DAGs    # Errors  Last Runtime    Last Run
--------------------------------  -----  ---------  --------  ----------  --------------  -------------------
/opt/airflow/dags/hello_world.py                           1           0  0.27s           2025-09-06T08:08:48
================================================================================
[2025-09-06T08:09:37.109+0000] {manager.py:893} INFO - 
================================================================================
DAG File Processing Stats

File Path                         PID    Runtime      # DAGs    # Errors  Last Runtime    Last Run
--------------------------------  -----  ---------  --------  ----------  --------------  -------------------
/opt/airflow/dags/hello_world.py                           1           0  0.18s           2025-09-06T08:09:19
================================================================================
[2025-09-06T08:10:07.412+0000] {manager.py:893} INFO - 
================================================================================
DAG File Processing Stats

File Path                         PID    Runtime      # DAGs    # Errors  Last Runtime    Last Run
--------------------------------  -----  ---------  --------  ----------  --------------  -------------------
/opt/airflow/dags/hello_world.py                           1           0  0.42s           2025-09-06T08:09:49
================================================================================
[2025-09-06T08:10:38.021+0000] {manager.py:893} INFO - 
================================================================================
DAG File Processing Stats

File Path                         PID    Runtime      # DAGs    # Errors  Last Runtime    Last Run
--------------------------------  -----  ---------  --------  ----------  --------------  -------------------
/opt/airflow/dags/hello_world.py                           1           0  0.29s           2025-09-06T08:10:20
================================================================================
[2025-09-06T08:11:08.559+0000] {manager.py:893} INFO - 
================================================================================
DAG File Processing Stats

File Path                         PID    Runtime      # DAGs    # Errors  Last Runtime    Last Run
--------------------------------  -----  ---------  --------  ----------  --------------  -------------------
/opt/airflow/dags/hello_world.py                           1           0  0.40s           2025-09-06T08:10:50
================================================================================
[2025-09-06T08:11:39.201+0000] {manager.py:893} INFO - 
================================================================================
DAG File Processing Stats

File Path                         PID    Runtime      # DAGs    # Errors  Last Runtime    Last Run
--------------------------------  -----  ---------  --------  ----------  --------------  -------------------
/opt/airflow/dags/hello_world.py                           1           0  0.31s           2025-09-06T08:11:21
================================================================================
[2025-09-06T08:12:09.760+0000] {manager.py:893} INFO - 
================================================================================
DAG File Processing Stats

File Path                         PID    Runtime      # DAGs    # Errors  Last Runtime    Last Run
--------------------------------  -----  ---------  --------  ----------  --------------  -------------------
/opt/airflow/dags/hello_world.py                           1           0  0.18s           2025-09-06T08:11:51
================================================================================
[2025-09-06T08:12:24.929+0000] {manager.py:469} INFO - Exiting gracefully upon receiving signal 15
